<?xml version="1.0" encoding="UTF-8"?>
<coverage generated="1762027499780" clover="3.2.0">
  <project timestamp="1762027499780" name="All files">
    <metrics statements="309" coveredstatements="183" conditionals="191" coveredconditionals="144" methods="60" coveredmethods="35" elements="560" coveredelements="362" complexity="0" loc="309" ncloc="309" packages="4" files="6" classes="6"/>
    <package name="background">
      <metrics statements="35" coveredstatements="35" conditionals="18" coveredconditionals="17" methods="10" coveredmethods="10"/>
      <file name="rule-engine.js" path="/Users/zacharylevinw/src/throttle-me-bananas/src/background/rule-engine.js">
        <metrics statements="35" coveredstatements="35" conditionals="18" coveredconditionals="17" methods="10" coveredmethods="10"/>
        <line num="16" count="30" type="cond" truecount="4" falsecount="0"/>
        <line num="17" count="1" type="stmt"/>
        <line num="20" count="29" type="stmt"/>
        <line num="22" count="29" type="cond" truecount="2" falsecount="0"/>
        <line num="23" count="2" type="stmt"/>
        <line num="27" count="27" type="stmt"/>
        <line num="28" count="36" type="stmt"/>
        <line num="40" count="10" type="stmt"/>
        <line num="42" count="10" type="cond" truecount="2" falsecount="0"/>
        <line num="43" count="1" type="stmt"/>
        <line num="47" count="9" type="stmt"/>
        <line num="48" count="9" type="stmt"/>
        <line num="57" count="9" type="cond" truecount="2" falsecount="0"/>
        <line num="58" count="7" type="stmt"/>
        <line num="68" count="2" type="stmt"/>
        <line num="79" count="8" type="stmt"/>
        <line num="81" count="8" type="cond" truecount="2" falsecount="0"/>
        <line num="82" count="1" type="stmt"/>
        <line num="85" count="7" type="stmt"/>
        <line num="87" count="7" type="stmt"/>
        <line num="88" count="8" type="stmt"/>
        <line num="97" count="8" type="stmt"/>
        <line num="100" count="7" type="cond" truecount="1" falsecount="1"/>
        <line num="114" count="5" type="cond" truecount="2" falsecount="0"/>
        <line num="116" count="1" type="stmt"/>
        <line num="117" count="3" type="stmt"/>
        <line num="118" count="6" type="stmt"/>
        <line num="119" count="6" type="stmt"/>
        <line num="124" count="6" type="stmt"/>
        <line num="128" count="5" type="stmt"/>
        <line num="130" count="5" type="cond" truecount="2" falsecount="0"/>
        <line num="131" count="1" type="stmt"/>
        <line num="135" count="4" type="stmt"/>
        <line num="136" count="4" type="stmt"/>
        <line num="138" count="4" type="stmt"/>
      </file>
    </package>
    <package name="pages.settings">
      <metrics statements="160" coveredstatements="35" conditionals="74" coveredconditionals="30" methods="31" coveredmethods="6"/>
      <file name="settings-data.js" path="/Users/zacharylevinw/src/throttle-me-bananas/src/pages/settings/settings-data.js">
        <metrics statements="160" coveredstatements="35" conditionals="74" coveredconditionals="30" methods="31" coveredmethods="6"/>
        <line num="18" count="0" type="stmt"/>
        <line num="19" count="0" type="stmt"/>
        <line num="20" count="0" type="stmt"/>
        <line num="21" count="0" type="stmt"/>
        <line num="23" count="0" type="stmt"/>
        <line num="24" count="0" type="stmt"/>
        <line num="34" count="0" type="stmt"/>
        <line num="36" count="0" type="stmt"/>
        <line num="38" count="0" type="cond" truecount="0" falsecount="2"/>
        <line num="39" count="0" type="stmt"/>
        <line num="40" count="0" type="stmt"/>
        <line num="46" count="0" type="stmt"/>
        <line num="47" count="0" type="stmt"/>
        <line num="48" count="0" type="stmt"/>
        <line num="50" count="0" type="stmt"/>
        <line num="51" count="0" type="stmt"/>
        <line num="64" count="0" type="stmt"/>
        <line num="66" count="0" type="stmt"/>
        <line num="67" count="0" type="cond" truecount="0" falsecount="2"/>
        <line num="68" count="0" type="stmt"/>
        <line num="69" count="0" type="stmt"/>
        <line num="76" count="0" type="stmt"/>
        <line num="79" count="0" type="stmt"/>
        <line num="82" count="0" type="stmt"/>
        <line num="84" count="0" type="cond" truecount="0" falsecount="2"/>
        <line num="85" count="0" type="stmt"/>
        <line num="90" count="0" type="stmt"/>
        <line num="93" count="0" type="stmt"/>
        <line num="94" count="0" type="stmt"/>
        <line num="108" count="0" type="stmt"/>
        <line num="110" count="0" type="stmt"/>
        <line num="111" count="0" type="cond" truecount="0" falsecount="2"/>
        <line num="112" count="0" type="stmt"/>
        <line num="113" count="0" type="stmt"/>
        <line num="120" count="0" type="stmt"/>
        <line num="123" count="0" type="cond" truecount="0" falsecount="4"/>
        <line num="124" count="0" type="stmt"/>
        <line num="131" count="0" type="stmt"/>
        <line num="134" count="0" type="stmt"/>
        <line num="136" count="0" type="stmt"/>
        <line num="137" count="0" type="stmt"/>
        <line num="150" count="0" type="stmt"/>
        <line num="152" count="0" type="stmt"/>
        <line num="155" count="0" type="cond" truecount="0" falsecount="4"/>
        <line num="156" count="0" type="stmt"/>
        <line num="163" count="0" type="stmt"/>
        <line num="164" count="0" type="stmt"/>
        <line num="167" count="0" type="stmt"/>
        <line num="169" count="0" type="stmt"/>
        <line num="170" count="0" type="stmt"/>
        <line num="183" count="0" type="stmt"/>
        <line num="185" count="0" type="cond" truecount="0" falsecount="4"/>
        <line num="186" count="0" type="stmt"/>
        <line num="187" count="0" type="stmt"/>
        <line num="190" count="0" type="cond" truecount="0" falsecount="2"/>
        <line num="191" count="0" type="stmt"/>
        <line num="192" count="0" type="stmt"/>
        <line num="195" count="0" type="stmt"/>
        <line num="196" count="0" type="stmt"/>
        <line num="197" count="0" type="cond" truecount="0" falsecount="2"/>
        <line num="198" count="0" type="cond" truecount="0" falsecount="2"/>
        <line num="202" count="0" type="stmt"/>
        <line num="214" count="0" type="stmt"/>
        <line num="215" count="0" type="stmt"/>
        <line num="216" count="0" type="stmt"/>
        <line num="219" count="0" type="stmt"/>
        <line num="220" count="0" type="stmt"/>
        <line num="221" count="0" type="cond" truecount="0" falsecount="2"/>
        <line num="222" count="0" type="stmt"/>
        <line num="224" count="0" type="stmt"/>
        <line num="233" count="0" type="stmt"/>
        <line num="235" count="0" type="stmt"/>
        <line num="236" count="0" type="cond" truecount="0" falsecount="2"/>
        <line num="238" count="0" type="stmt"/>
        <line num="240" count="0" type="stmt"/>
        <line num="242" count="0" type="stmt"/>
        <line num="251" count="0" type="stmt"/>
        <line num="253" count="0" type="stmt"/>
        <line num="254" count="0" type="stmt"/>
        <line num="265" count="0" type="cond" truecount="0" falsecount="2"/>
        <line num="266" count="0" type="stmt"/>
        <line num="270" count="0" type="stmt"/>
        <line num="271" count="0" type="stmt"/>
        <line num="272" count="0" type="cond" truecount="0" falsecount="2"/>
        <line num="273" count="0" type="stmt"/>
        <line num="278" count="0" type="stmt"/>
        <line num="289" count="0" type="stmt"/>
        <line num="291" count="0" type="cond" truecount="0" falsecount="2"/>
        <line num="292" count="0" type="stmt"/>
        <line num="296" count="0" type="stmt"/>
        <line num="297" count="0" type="stmt"/>
        <line num="298" count="0" type="cond" truecount="0" falsecount="2"/>
        <line num="299" count="0" type="stmt"/>
        <line num="304" count="0" type="stmt"/>
        <line num="314" count="0" type="stmt"/>
        <line num="315" count="0" type="stmt"/>
        <line num="318" count="0" type="cond" truecount="0" falsecount="2"/>
        <line num="326" count="0" type="stmt"/>
        <line num="327" count="0" type="stmt"/>
        <line num="328" count="0" type="stmt"/>
        <line num="330" count="0" type="stmt"/>
        <line num="331" count="0" type="stmt"/>
        <line num="341" count="0" type="stmt"/>
        <line num="344" count="0" type="stmt"/>
        <line num="345" count="0" type="stmt"/>
        <line num="347" count="0" type="stmt"/>
        <line num="354" count="0" type="stmt"/>
        <line num="355" count="0" type="cond" truecount="0" falsecount="2"/>
        <line num="356" count="0" type="stmt"/>
        <line num="363" count="0" type="stmt"/>
        <line num="365" count="0" type="cond" truecount="0" falsecount="2"/>
        <line num="366" count="0" type="stmt"/>
        <line num="369" count="0" type="stmt"/>
        <line num="371" count="0" type="stmt"/>
        <line num="372" count="0" type="stmt"/>
        <line num="384" count="5" type="stmt"/>
        <line num="403" count="23" type="cond" truecount="2" falsecount="0"/>
        <line num="404" count="8" type="cond" truecount="2" falsecount="0"/>
        <line num="407" count="15" type="stmt"/>
        <line num="408" count="15" type="stmt"/>
        <line num="410" count="15" type="cond" truecount="2" falsecount="0"/>
        <line num="411" count="9" type="cond" truecount="2" falsecount="0"/>
        <line num="414" count="6" type="cond" truecount="4" falsecount="0"/>
        <line num="424" count="40" type="stmt"/>
        <line num="427" count="40" type="stmt"/>
        <line num="428" count="40" type="stmt"/>
        <line num="430" count="40" type="stmt"/>
        <line num="432" count="40" type="cond" truecount="2" falsecount="0"/>
        <line num="433" count="23" type="stmt"/>
        <line num="436" count="40" type="cond" truecount="2" falsecount="0"/>
        <line num="437" count="17" type="stmt"/>
        <line num="441" count="40" type="cond" truecount="2" falsecount="0"/>
        <line num="442" count="30" type="stmt"/>
        <line num="446" count="10" type="stmt"/>
        <line num="447" count="10" type="cond" truecount="4" falsecount="0"/>
        <line num="448" count="3" type="stmt"/>
        <line num="451" count="7" type="stmt"/>
        <line num="460" count="10" type="stmt"/>
        <line num="461" count="10" type="cond" truecount="2" falsecount="0"/>
        <line num="470" count="13" type="stmt"/>
        <line num="471" count="13" type="stmt"/>
        <line num="480" count="26" type="stmt"/>
        <line num="481" count="26" type="stmt"/>
        <line num="483" count="26" type="cond" truecount="2" falsecount="0"/>
        <line num="484" count="2" type="stmt"/>
        <line num="485" count="24" type="cond" truecount="2" falsecount="0"/>
        <line num="486" count="9" type="stmt"/>
        <line num="487" count="15" type="cond" truecount="2" falsecount="0"/>
        <line num="488" count="2" type="stmt"/>
        <line num="490" count="13" type="stmt"/>
        <line num="499" count="0" type="stmt"/>
        <line num="500" count="0" type="stmt"/>
        <line num="501" count="0" type="stmt"/>
        <line num="504" count="0" type="stmt"/>
        <line num="505" count="0" type="stmt"/>
        <line num="506" count="0" type="stmt"/>
        <line num="510" count="0" type="stmt"/>
        <line num="512" count="0" type="stmt"/>
        <line num="519" count="0" type="stmt"/>
        <line num="520" count="0" type="stmt"/>
      </file>
    </package>
    <package name="storage">
      <metrics statements="54" coveredstatements="54" conditionals="66" coveredconditionals="66" methods="7" coveredmethods="7"/>
      <file name="schema.js" path="/Users/zacharylevinw/src/throttle-me-bananas/src/storage/schema.js">
        <metrics statements="54" coveredstatements="54" conditionals="66" coveredconditionals="66" methods="7" coveredmethods="7"/>
        <line num="37" count="2" type="stmt"/>
        <line num="46" count="2" type="stmt"/>
        <line num="52" count="2" type="stmt"/>
        <line num="74" count="43" type="stmt"/>
        <line num="76" count="43" type="cond" truecount="4" falsecount="0"/>
        <line num="77" count="5" type="stmt"/>
        <line num="78" count="5" type="stmt"/>
        <line num="81" count="38" type="cond" truecount="4" falsecount="0"/>
        <line num="82" count="6" type="stmt"/>
        <line num="85" count="38" type="cond" truecount="4" falsecount="0"/>
        <line num="86" count="8" type="stmt"/>
        <line num="89" count="38" type="cond" truecount="4" falsecount="0"/>
        <line num="90" count="7" type="stmt"/>
        <line num="93" count="38" type="cond" truecount="2" falsecount="0"/>
        <line num="94" count="3" type="stmt"/>
        <line num="97" count="38" type="cond" truecount="4" falsecount="0"/>
        <line num="98" count="6" type="stmt"/>
        <line num="100" count="32" type="stmt"/>
        <line num="101" count="39" type="cond" truecount="4" falsecount="0"/>
        <line num="102" count="4" type="stmt"/>
        <line num="107" count="38" type="cond" truecount="2" falsecount="0"/>
        <line num="108" count="13" type="cond" truecount="4" falsecount="0"/>
        <line num="109" count="1" type="stmt"/>
        <line num="110" count="42" type="cond" truecount="4" falsecount="0"/>
        <line num="111" count="3" type="stmt"/>
        <line num="114" count="13" type="cond" truecount="4" falsecount="0"/>
        <line num="115" count="1" type="stmt"/>
        <line num="117" count="12" type="stmt"/>
        <line num="118" count="13" type="cond" truecount="2" falsecount="0"/>
        <line num="119" count="6" type="stmt"/>
        <line num="125" count="38" type="stmt"/>
        <line num="137" count="13" type="stmt"/>
        <line num="139" count="13" type="cond" truecount="4" falsecount="0"/>
        <line num="140" count="3" type="stmt"/>
        <line num="141" count="3" type="stmt"/>
        <line num="144" count="10" type="cond" truecount="2" falsecount="0"/>
        <line num="145" count="3" type="stmt"/>
        <line num="146" count="3" type="stmt"/>
        <line num="149" count="7" type="stmt"/>
        <line num="150" count="8" type="stmt"/>
        <line num="151" count="8" type="cond" truecount="2" falsecount="0"/>
        <line num="152" count="3" type="cond" truecount="2" falsecount="0"/>
        <line num="156" count="7" type="stmt"/>
        <line num="168" count="16" type="stmt"/>
        <line num="170" count="16" type="cond" truecount="4" falsecount="0"/>
        <line num="171" count="4" type="stmt"/>
        <line num="172" count="4" type="stmt"/>
        <line num="175" count="12" type="cond" truecount="4" falsecount="0"/>
        <line num="176" count="5" type="stmt"/>
        <line num="179" count="12" type="cond" truecount="4" falsecount="0"/>
        <line num="180" count="6" type="stmt"/>
        <line num="183" count="12" type="cond" truecount="2" falsecount="0"/>
        <line num="184" count="3" type="stmt"/>
        <line num="187" count="12" type="stmt"/>
      </file>
    </package>
    <package name="utils">
      <metrics statements="60" coveredstatements="59" conditionals="33" coveredconditionals="31" methods="12" coveredmethods="12"/>
      <file name="access-calculator.js" path="/Users/zacharylevinw/src/throttle-me-bananas/src/utils/access-calculator.js">
        <metrics statements="19" coveredstatements="18" conditionals="8" coveredconditionals="7" methods="6" coveredmethods="6"/>
        <line num="12" count="30" type="stmt"/>
        <line num="13" count="30" type="stmt"/>
        <line num="15" count="83" type="stmt"/>
        <line num="37" count="25" type="stmt"/>
        <line num="41" count="25" type="cond" truecount="2" falsecount="0"/>
        <line num="43" count="8" type="stmt"/>
        <line num="44" count="29" type="stmt"/>
        <line num="47" count="52" type="stmt"/>
        <line num="48" count="52" type="stmt"/>
        <line num="49" count="52" type="stmt"/>
        <line num="50" count="52" type="stmt"/>
        <line num="52" count="52" type="cond" truecount="2" falsecount="0"/>
        <line num="55" count="52" type="cond" truecount="2" falsecount="0"/>
        <line num="56" count="29" type="cond" truecount="1" falsecount="1"/>
        <line num="60" count="0" type="stmt"/>
        <line num="65" count="43" type="stmt"/>
        <line num="68" count="25" type="stmt"/>
        <line num="69" count="25" type="stmt"/>
        <line num="71" count="25" type="stmt"/>
      </file>
      <file name="time-utils.js" path="/Users/zacharylevinw/src/throttle-me-bananas/src/utils/time-utils.js">
        <metrics statements="17" coveredstatements="17" conditionals="11" coveredconditionals="11" methods="3" coveredmethods="3"/>
        <line num="11" count="14" type="stmt"/>
        <line num="13" count="14" type="stmt"/>
        <line num="33" count="15" type="stmt"/>
        <line num="34" count="15" type="stmt"/>
        <line num="35" count="15" type="stmt"/>
        <line num="37" count="15" type="cond" truecount="2" falsecount="0"/>
        <line num="49" count="38" type="cond" truecount="5" falsecount="0"/>
        <line num="50" count="29" type="stmt"/>
        <line num="53" count="9" type="stmt"/>
        <line num="54" count="9" type="stmt"/>
        <line num="57" count="9" type="cond" truecount="2" falsecount="0"/>
        <line num="58" count="2" type="stmt"/>
        <line num="62" count="7" type="stmt"/>
        <line num="63" count="9" type="stmt"/>
        <line num="64" count="9" type="cond" truecount="2" falsecount="0"/>
        <line num="65" count="4" type="stmt"/>
        <line num="69" count="3" type="stmt"/>
      </file>
      <file name="url-matcher.js" path="/Users/zacharylevinw/src/throttle-me-bananas/src/utils/url-matcher.js">
        <metrics statements="24" coveredstatements="24" conditionals="14" coveredconditionals="13" methods="3" coveredmethods="3"/>
        <line num="11" count="72" type="stmt"/>
        <line num="12" count="72" type="stmt"/>
        <line num="13" count="67" type="stmt"/>
        <line num="15" count="5" type="stmt"/>
        <line num="16" count="5" type="stmt"/>
        <line num="26" count="68" type="stmt"/>
        <line num="27" count="68" type="stmt"/>
        <line num="28" count="64" type="stmt"/>
        <line num="30" count="4" type="stmt"/>
        <line num="31" count="4" type="stmt"/>
        <line num="42" count="60" type="stmt"/>
        <line num="43" count="60" type="stmt"/>
        <line num="45" count="60" type="cond" truecount="4" falsecount="0"/>
        <line num="46" count="3" type="stmt"/>
        <line num="50" count="57" type="stmt"/>
        <line num="51" count="57" type="stmt"/>
        <line num="52" count="57" type="stmt"/>
        <line num="55" count="57" type="cond" truecount="2" falsecount="0"/>
        <line num="57" count="57" type="cond" truecount="2" falsecount="0"/>
        <line num="58" count="17" type="stmt"/>
        <line num="62" count="40" type="cond" truecount="2" falsecount="0"/>
        <line num="63" count="33" type="stmt"/>
        <line num="67" count="7" type="cond" truecount="1" falsecount="1"/>
        <line num="68" count="7" type="cond" truecount="2" falsecount="0"/>
      </file>
    </package>
  </project>
</coverage>
