{"/Users/zacharylevinw/src/throttle-me-bananas/src/background/rule-engine.js": {"path":"/Users/zacharylevinw/src/throttle-me-bananas/src/background/rule-engine.js","statementMap":{"0":{"start":{"line":16,"column":2},"end":{"line":18,"column":3}},"1":{"start":{"line":17,"column":4},"end":{"line":17,"column":14}},"2":{"start":{"line":20,"column":2},"end":{"line":29,"column":5}},"3":{"start":{"line":22,"column":4},"end":{"line":24,"column":5}},"4":{"start":{"line":23,"column":6},"end":{"line":23,"column":19}},"5":{"start":{"line":27,"column":20},"end":{"line":27,"column":37}},"6":{"start":{"line":28,"column":4},"end":{"line":28,"column":77}},"7":{"start":{"line":28,"column":39},"end":{"line":28,"column":75}},"8":{"start":{"line":40,"column":22},"end":{"line":40,"column":57}},"9":{"start":{"line":42,"column":2},"end":{"line":44,"column":3}},"10":{"start":{"line":43,"column":4},"end":{"line":43,"column":28}},"11":{"start":{"line":47,"column":2},"end":{"line":66,"column":3}},"12":{"start":{"line":48,"column":22},"end":{"line":55,"column":5}},"13":{"start":{"line":57,"column":4},"end":{"line":65,"column":5}},"14":{"start":{"line":58,"column":6},"end":{"line":64,"column":8}},"15":{"start":{"line":68,"column":2},"end":{"line":68,"column":26}},"16":{"start":{"line":79,"column":22},"end":{"line":79,"column":57}},"17":{"start":{"line":81,"column":2},"end":{"line":83,"column":3}},"18":{"start":{"line":82,"column":4},"end":{"line":82,"column":16}},"19":{"start":{"line":85,"column":24},"end":{"line":85,"column":32}},"20":{"start":{"line":87,"column":2},"end":{"line":98,"column":3}},"21":{"start":{"line":88,"column":22},"end":{"line":95,"column":5}},"22":{"start":{"line":97,"column":4},"end":{"line":97,"column":59}},"23":{"start":{"line":100,"column":2},"end":{"line":100,"column":63}},"24":{"start":{"line":114,"column":2},"end":{"line":125,"column":3}},"25":{"start":{"line":116,"column":4},"end":{"line":121,"column":6}},"26":{"start":{"line":117,"column":6},"end":{"line":120,"column":8}},"27":{"start":{"line":118,"column":23},"end":{"line":118,"column":44}},"28":{"start":{"line":119,"column":8},"end":{"line":119,"column":51}},"29":{"start":{"line":124,"column":4},"end":{"line":124,"column":63}},"30":{"start":{"line":124,"column":44},"end":{"line":124,"column":61}},"31":{"start":{"line":128,"column":2},"end":{"line":128,"column":57}},"32":{"start":{"line":128,"column":30},"end":{"line":128,"column":55}},"33":{"start":{"line":130,"column":2},"end":{"line":132,"column":3}},"34":{"start":{"line":131,"column":4},"end":{"line":131,"column":16}},"35":{"start":{"line":135,"column":23},"end":{"line":135,"column":38}},"36":{"start":{"line":136,"column":22},"end":{"line":136,"column":84}},"37":{"start":{"line":138,"column":2},"end":{"line":138,"column":21}}},"fnMap":{"0":{"name":"getActiveRulesForSite","decl":{"start":{"line":15,"column":16},"end":{"line":15,"column":37}},"loc":{"start":{"line":15,"column":52},"end":{"line":30,"column":1}},"line":15},"1":{"name":"(anonymous_1)","decl":{"start":{"line":20,"column":30},"end":{"line":20,"column":31}},"loc":{"start":{"line":20,"column":39},"end":{"line":29,"column":3}},"line":20},"2":{"name":"(anonymous_2)","decl":{"start":{"line":28,"column":28},"end":{"line":28,"column":29}},"loc":{"start":{"line":28,"column":39},"end":{"line":28,"column":75}},"line":28},"3":{"name":"shouldBlockAccess","decl":{"start":{"line":39,"column":16},"end":{"line":39,"column":33}},"loc":{"start":{"line":39,"column":60},"end":{"line":69,"column":1}},"line":39},"4":{"name":"getMostRestrictiveCount","decl":{"start":{"line":78,"column":16},"end":{"line":78,"column":39}},"loc":{"start":{"line":78,"column":66},"end":{"line":101,"column":1}},"line":78},"5":{"name":"calculateUnblockTime","decl":{"start":{"line":110,"column":16},"end":{"line":110,"column":36}},"loc":{"start":{"line":110,"column":61},"end":{"line":139,"column":1}},"line":110},"6":{"name":"(anonymous_6)","decl":{"start":{"line":116,"column":37},"end":{"line":116,"column":38}},"loc":{"start":{"line":117,"column":6},"end":{"line":120,"column":8}},"line":117},"7":{"name":"(anonymous_7)","decl":{"start":{"line":117,"column":22},"end":{"line":117,"column":23}},"loc":{"start":{"line":117,"column":33},"end":{"line":120,"column":7}},"line":117},"8":{"name":"(anonymous_8)","decl":{"start":{"line":124,"column":37},"end":{"line":124,"column":38}},"loc":{"start":{"line":124,"column":44},"end":{"line":124,"column":61}},"line":124},"9":{"name":"(anonymous_9)","decl":{"start":{"line":128,"column":20},"end":{"line":128,"column":21}},"loc":{"start":{"line":128,"column":30},"end":{"line":128,"column":55}},"line":128}},"branchMap":{"0":{"loc":{"start":{"line":16,"column":2},"end":{"line":18,"column":3}},"type":"if","locations":[{"start":{"line":16,"column":2},"end":{"line":18,"column":3}},{"start":{},"end":{}}],"line":16},"1":{"loc":{"start":{"line":16,"column":6},"end":{"line":16,"column":31}},"type":"binary-expr","locations":[{"start":{"line":16,"column":6},"end":{"line":16,"column":13}},{"start":{"line":16,"column":17},"end":{"line":16,"column":31}}],"line":16},"2":{"loc":{"start":{"line":22,"column":4},"end":{"line":24,"column":5}},"type":"if","locations":[{"start":{"line":22,"column":4},"end":{"line":24,"column":5}},{"start":{},"end":{}}],"line":22},"3":{"loc":{"start":{"line":42,"column":2},"end":{"line":44,"column":3}},"type":"if","locations":[{"start":{"line":42,"column":2},"end":{"line":44,"column":3}},{"start":{},"end":{}}],"line":42},"4":{"loc":{"start":{"line":57,"column":4},"end":{"line":65,"column":5}},"type":"if","locations":[{"start":{"line":57,"column":4},"end":{"line":65,"column":5}},{"start":{},"end":{}}],"line":57},"5":{"loc":{"start":{"line":81,"column":2},"end":{"line":83,"column":3}},"type":"if","locations":[{"start":{"line":81,"column":2},"end":{"line":83,"column":3}},{"start":{},"end":{}}],"line":81},"6":{"loc":{"start":{"line":100,"column":9},"end":{"line":100,"column":62}},"type":"cond-expr","locations":[{"start":{"line":100,"column":40},"end":{"line":100,"column":44}},{"start":{"line":100,"column":47},"end":{"line":100,"column":62}}],"line":100},"7":{"loc":{"start":{"line":114,"column":2},"end":{"line":125,"column":3}},"type":"if","locations":[{"start":{"line":114,"column":2},"end":{"line":125,"column":3}},{"start":{"line":122,"column":9},"end":{"line":125,"column":3}}],"line":114},"8":{"loc":{"start":{"line":130,"column":2},"end":{"line":132,"column":3}},"type":"if","locations":[{"start":{"line":130,"column":2},"end":{"line":132,"column":3}},{"start":{},"end":{}}],"line":130}},"s":{"0":30,"1":1,"2":29,"3":29,"4":2,"5":27,"6":27,"7":36,"8":10,"9":10,"10":1,"11":9,"12":9,"13":9,"14":7,"15":2,"16":8,"17":8,"18":1,"19":7,"20":7,"21":8,"22":8,"23":7,"24":5,"25":1,"26":3,"27":6,"28":6,"29":4,"30":6,"31":5,"32":4,"33":5,"34":1,"35":4,"36":4,"37":4},"f":{"0":30,"1":29,"2":36,"3":10,"4":8,"5":5,"6":3,"7":6,"8":6,"9":4},"b":{"0":[1,29],"1":[30,29],"2":[2,27],"3":[1,9],"4":[7,2],"5":[1,7],"6":[0,7],"7":[1,4],"8":[1,4]},"inputSourceMap":null,"_coverageSchema":"1a1c01bbd47fc00a2c39e90264f33305004495a9","hash":"a4666044de2ff2afb78d28269e1ecf98be08c5e4"}
,"/Users/zacharylevinw/src/throttle-me-bananas/src/pages/settings/settings-data.js": {"path":"/Users/zacharylevinw/src/throttle-me-bananas/src/pages/settings/settings-data.js","statementMap":{"0":{"start":{"line":18,"column":2},"end":{"line":25,"column":3}},"1":{"start":{"line":19,"column":19},"end":{"line":19,"column":43}},"2":{"start":{"line":20,"column":4},"end":{"line":20,"column":49}},"3":{"start":{"line":21,"column":4},"end":{"line":21,"column":18}},"4":{"start":{"line":23,"column":4},"end":{"line":23,"column":57}},"5":{"start":{"line":24,"column":4},"end":{"line":24,"column":16}},"6":{"start":{"line":34,"column":2},"end":{"line":55,"column":3}},"7":{"start":{"line":36,"column":23},"end":{"line":36,"column":52}},"8":{"start":{"line":38,"column":4},"end":{"line":44,"column":5}},"9":{"start":{"line":39,"column":6},"end":{"line":39,"column":77}},"10":{"start":{"line":40,"column":6},"end":{"line":43,"column":8}},"11":{"start":{"line":46,"column":4},"end":{"line":46,"column":38}},"12":{"start":{"line":47,"column":4},"end":{"line":47,"column":52}},"13":{"start":{"line":48,"column":4},"end":{"line":48,"column":29}},"14":{"start":{"line":50,"column":4},"end":{"line":50,"column":56}},"15":{"start":{"line":51,"column":4},"end":{"line":54,"column":6}},"16":{"start":{"line":64,"column":2},"end":{"line":98,"column":3}},"17":{"start":{"line":66,"column":23},"end":{"line":66,"column":47}},"18":{"start":{"line":67,"column":4},"end":{"line":73,"column":5}},"19":{"start":{"line":68,"column":6},"end":{"line":68,"column":73}},"20":{"start":{"line":69,"column":6},"end":{"line":72,"column":8}},"21":{"start":{"line":76,"column":19},"end":{"line":76,"column":44}},"22":{"start":{"line":79,"column":4},"end":{"line":79,"column":30}},"23":{"start":{"line":82,"column":23},"end":{"line":82,"column":54}},"24":{"start":{"line":84,"column":4},"end":{"line":91,"column":5}},"25":{"start":{"line":85,"column":6},"end":{"line":88,"column":8}},"26":{"start":{"line":90,"column":6},"end":{"line":90,"column":24}},"27":{"start":{"line":93,"column":4},"end":{"line":93,"column":53}},"28":{"start":{"line":94,"column":4},"end":{"line":97,"column":6}},"29":{"start":{"line":108,"column":2},"end":{"line":141,"column":3}},"30":{"start":{"line":110,"column":23},"end":{"line":110,"column":47}},"31":{"start":{"line":111,"column":4},"end":{"line":117,"column":5}},"32":{"start":{"line":112,"column":6},"end":{"line":112,"column":81}},"33":{"start":{"line":113,"column":6},"end":{"line":116,"column":8}},"34":{"start":{"line":120,"column":19},"end":{"line":120,"column":44}},"35":{"start":{"line":123,"column":4},"end":{"line":128,"column":5}},"36":{"start":{"line":124,"column":6},"end":{"line":127,"column":8}},"37":{"start":{"line":131,"column":4},"end":{"line":131,"column":33}},"38":{"start":{"line":134,"column":4},"end":{"line":134,"column":43}},"39":{"start":{"line":136,"column":4},"end":{"line":136,"column":55}},"40":{"start":{"line":137,"column":4},"end":{"line":140,"column":6}},"41":{"start":{"line":150,"column":2},"end":{"line":174,"column":3}},"42":{"start":{"line":152,"column":19},"end":{"line":152,"column":44}},"43":{"start":{"line":155,"column":4},"end":{"line":160,"column":5}},"44":{"start":{"line":156,"column":6},"end":{"line":159,"column":8}},"45":{"start":{"line":163,"column":25},"end":{"line":163,"column":58}},"46":{"start":{"line":164,"column":4},"end":{"line":164,"column":58}},"47":{"start":{"line":167,"column":4},"end":{"line":167,"column":43}},"48":{"start":{"line":169,"column":4},"end":{"line":169,"column":55}},"49":{"start":{"line":170,"column":4},"end":{"line":173,"column":6}},"50":{"start":{"line":183,"column":17},"end":{"line":183,"column":19}},"51":{"start":{"line":185,"column":2},"end":{"line":188,"column":3}},"52":{"start":{"line":186,"column":4},"end":{"line":186,"column":51}},"53":{"start":{"line":187,"column":4},"end":{"line":187,"column":36}},"54":{"start":{"line":190,"column":2},"end":{"line":193,"column":3}},"55":{"start":{"line":191,"column":4},"end":{"line":191,"column":58}},"56":{"start":{"line":192,"column":4},"end":{"line":192,"column":36}},"57":{"start":{"line":195,"column":2},"end":{"line":200,"column":5}},"58":{"start":{"line":196,"column":23},"end":{"line":196,"column":47}},"59":{"start":{"line":197,"column":4},"end":{"line":199,"column":5}},"60":{"start":{"line":198,"column":6},"end":{"line":198,"column":102}},"61":{"start":{"line":202,"column":2},"end":{"line":205,"column":4}},"62":{"start":{"line":214,"column":2},"end":{"line":255,"column":3}},"63":{"start":{"line":215,"column":19},"end":{"line":215,"column":44}},"64":{"start":{"line":216,"column":20},"end":{"line":216,"column":29}},"65":{"start":{"line":219,"column":4},"end":{"line":230,"column":7}},"66":{"start":{"line":220,"column":6},"end":{"line":229,"column":9}},"67":{"start":{"line":221,"column":8},"end":{"line":223,"column":9}},"68":{"start":{"line":222,"column":10},"end":{"line":222,"column":32}},"69":{"start":{"line":224,"column":8},"end":{"line":228,"column":11}},"70":{"start":{"line":233,"column":21},"end":{"line":233,"column":23}},"71":{"start":{"line":235,"column":4},"end":{"line":249,"column":5}},"72":{"start":{"line":236,"column":6},"end":{"line":248,"column":7}},"73":{"start":{"line":238,"column":27},"end":{"line":238,"column":76}},"74":{"start":{"line":238,"column":64},"end":{"line":238,"column":74}},"75":{"start":{"line":240,"column":8},"end":{"line":247,"column":11}},"76":{"start":{"line":242,"column":35},"end":{"line":246,"column":11}},"77":{"start":{"line":251,"column":4},"end":{"line":251,"column":20}},"78":{"start":{"line":253,"column":4},"end":{"line":253,"column":63}},"79":{"start":{"line":254,"column":4},"end":{"line":254,"column":14}},"80":{"start":{"line":265,"column":2},"end":{"line":267,"column":3}},"81":{"start":{"line":265,"column":26},"end":{"line":265,"column":28}},"82":{"start":{"line":266,"column":4},"end":{"line":266,"column":16}},"83":{"start":{"line":270,"column":2},"end":{"line":276,"column":3}},"84":{"start":{"line":270,"column":15},"end":{"line":270,"column":16}},"85":{"start":{"line":271,"column":4},"end":{"line":275,"column":5}},"86":{"start":{"line":271,"column":17},"end":{"line":271,"column":22}},"87":{"start":{"line":272,"column":6},"end":{"line":274,"column":7}},"88":{"start":{"line":273,"column":8},"end":{"line":273,"column":20}},"89":{"start":{"line":278,"column":2},"end":{"line":278,"column":15}},"90":{"start":{"line":289,"column":21},"end":{"line":289,"column":79}},"91":{"start":{"line":289,"column":50},"end":{"line":289,"column":78}},"92":{"start":{"line":291,"column":2},"end":{"line":293,"column":3}},"93":{"start":{"line":292,"column":4},"end":{"line":292,"column":17}},"94":{"start":{"line":296,"column":2},"end":{"line":302,"column":3}},"95":{"start":{"line":297,"column":4},"end":{"line":301,"column":5}},"96":{"start":{"line":298,"column":6},"end":{"line":300,"column":7}},"97":{"start":{"line":299,"column":8},"end":{"line":299,"column":20}},"98":{"start":{"line":304,"column":2},"end":{"line":304,"column":15}},"99":{"start":{"line":314,"column":25},"end":{"line":314,"column":68}},"100":{"start":{"line":314,"column":52},"end":{"line":314,"column":67}},"101":{"start":{"line":315,"column":25},"end":{"line":315,"column":68}},"102":{"start":{"line":315,"column":52},"end":{"line":315,"column":67}},"103":{"start":{"line":318,"column":2},"end":{"line":318,"column":40}},"104":{"start":{"line":326,"column":2},"end":{"line":332,"column":3}},"105":{"start":{"line":327,"column":19},"end":{"line":327,"column":44}},"106":{"start":{"line":328,"column":4},"end":{"line":328,"column":43}},"107":{"start":{"line":330,"column":4},"end":{"line":330,"column":59}},"108":{"start":{"line":331,"column":4},"end":{"line":331,"column":16}},"109":{"start":{"line":341,"column":2},"end":{"line":376,"column":3}},"110":{"start":{"line":344,"column":4},"end":{"line":351,"column":5}},"111":{"start":{"line":345,"column":6},"end":{"line":345,"column":38}},"112":{"start":{"line":347,"column":6},"end":{"line":350,"column":8}},"113":{"start":{"line":354,"column":23},"end":{"line":354,"column":52}},"114":{"start":{"line":355,"column":4},"end":{"line":360,"column":5}},"115":{"start":{"line":356,"column":6},"end":{"line":359,"column":8}},"116":{"start":{"line":363,"column":23},"end":{"line":363,"column":54}},"117":{"start":{"line":365,"column":4},"end":{"line":367,"column":5}},"118":{"start":{"line":366,"column":6},"end":{"line":366,"column":57}},"119":{"start":{"line":369,"column":4},"end":{"line":369,"column":22}},"120":{"start":{"line":371,"column":4},"end":{"line":371,"column":59}},"121":{"start":{"line":372,"column":4},"end":{"line":375,"column":6}},"122":{"start":{"line":384,"column":2},"end":{"line":394,"column":4}},"123":{"start":{"line":403,"column":2},"end":{"line":405,"column":3}},"124":{"start":{"line":404,"column":4},"end":{"line":404,"column":58}},"125":{"start":{"line":407,"column":16},"end":{"line":407,"column":40}},"126":{"start":{"line":408,"column":27},"end":{"line":408,"column":39}},"127":{"start":{"line":410,"column":2},"end":{"line":412,"column":3}},"128":{"start":{"line":411,"column":4},"end":{"line":411,"column":52}},"129":{"start":{"line":414,"column":2},"end":{"line":414,"column":113}},"130":{"start":{"line":424,"column":2},"end":{"line":424,"column":33}},"131":{"start":{"line":427,"column":20},"end":{"line":427,"column":54}},"132":{"start":{"line":428,"column":22},"end":{"line":428,"column":59}},"133":{"start":{"line":430,"column":21},"end":{"line":430,"column":22}},"134":{"start":{"line":432,"column":2},"end":{"line":434,"column":3}},"135":{"start":{"line":433,"column":4},"end":{"line":433,"column":52}},"136":{"start":{"line":436,"column":2},"end":{"line":438,"column":3}},"137":{"start":{"line":437,"column":4},"end":{"line":437,"column":49}},"138":{"start":{"line":441,"column":2},"end":{"line":443,"column":3}},"139":{"start":{"line":442,"column":4},"end":{"line":442,"column":24}},"140":{"start":{"line":446,"column":14},"end":{"line":446,"column":31}},"141":{"start":{"line":447,"column":2},"end":{"line":449,"column":3}},"142":{"start":{"line":448,"column":4},"end":{"line":448,"column":15}},"143":{"start":{"line":451,"column":2},"end":{"line":451,"column":14}},"144":{"start":{"line":460,"column":15},"end":{"line":460,"column":93}},"145":{"start":{"line":461,"column":2},"end":{"line":461,"column":37}},"146":{"start":{"line":470,"column":23},"end":{"line":470,"column":43}},"147":{"start":{"line":471,"column":2},"end":{"line":471,"column":53}},"148":{"start":{"line":480,"column":16},"end":{"line":480,"column":46}},"149":{"start":{"line":481,"column":18},"end":{"line":481,"column":34}},"150":{"start":{"line":483,"column":2},"end":{"line":491,"column":3}},"151":{"start":{"line":484,"column":4},"end":{"line":484,"column":30}},"152":{"start":{"line":485,"column":9},"end":{"line":491,"column":3}},"153":{"start":{"line":486,"column":4},"end":{"line":486,"column":36}},"154":{"start":{"line":487,"column":9},"end":{"line":491,"column":3}},"155":{"start":{"line":488,"column":4},"end":{"line":488,"column":30}},"156":{"start":{"line":490,"column":4},"end":{"line":490,"column":41}},"157":{"start":{"line":499,"column":2},"end":{"line":526,"column":3}},"158":{"start":{"line":500,"column":19},"end":{"line":500,"column":44}},"159":{"start":{"line":501,"column":21},"end":{"line":501,"column":51}},"160":{"start":{"line":504,"column":21},"end":{"line":504,"column":30}},"161":{"start":{"line":505,"column":4},"end":{"line":507,"column":7}},"162":{"start":{"line":506,"column":6},"end":{"line":506,"column":54}},"163":{"start":{"line":506,"column":34},"end":{"line":506,"column":52}},"164":{"start":{"line":510,"column":25},"end":{"line":510,"column":94}},"165":{"start":{"line":510,"column":55},"end":{"line":510,"column":86}},"166":{"start":{"line":512,"column":4},"end":{"line":517,"column":6}},"167":{"start":{"line":519,"column":4},"end":{"line":519,"column":63}},"168":{"start":{"line":520,"column":4},"end":{"line":525,"column":6}}},"fnMap":{"0":{"name":"loadConfiguration","decl":{"start":{"line":17,"column":22},"end":{"line":17,"column":39}},"loc":{"start":{"line":17,"column":42},"end":{"line":26,"column":1}},"line":17},"1":{"name":"saveConfiguration","decl":{"start":{"line":33,"column":22},"end":{"line":33,"column":39}},"loc":{"start":{"line":33,"column":48},"end":{"line":56,"column":1}},"line":33},"2":{"name":"addRuleGroup","decl":{"start":{"line":63,"column":22},"end":{"line":63,"column":34}},"loc":{"start":{"line":63,"column":42},"end":{"line":99,"column":1}},"line":63},"3":{"name":"updateRuleGroup","decl":{"start":{"line":107,"column":22},"end":{"line":107,"column":37}},"loc":{"start":{"line":107,"column":52},"end":{"line":142,"column":1}},"line":107},"4":{"name":"deleteRuleGroup","decl":{"start":{"line":149,"column":22},"end":{"line":149,"column":37}},"loc":{"start":{"line":149,"column":45},"end":{"line":175,"column":1}},"line":149},"5":{"name":"validateConfiguration","decl":{"start":{"line":182,"column":9},"end":{"line":182,"column":30}},"loc":{"start":{"line":182,"column":39},"end":{"line":206,"column":1}},"line":182},"6":{"name":"(anonymous_6)","decl":{"start":{"line":195,"column":24},"end":{"line":195,"column":25}},"loc":{"start":{"line":195,"column":42},"end":{"line":200,"column":3}},"line":195},"7":{"name":"detectOverlappingSites","decl":{"start":{"line":213,"column":22},"end":{"line":213,"column":44}},"loc":{"start":{"line":213,"column":47},"end":{"line":256,"column":1}},"line":213},"8":{"name":"(anonymous_8)","decl":{"start":{"line":219,"column":26},"end":{"line":219,"column":27}},"loc":{"start":{"line":219,"column":44},"end":{"line":230,"column":5}},"line":219},"9":{"name":"(anonymous_9)","decl":{"start":{"line":220,"column":26},"end":{"line":220,"column":27}},"loc":{"start":{"line":220,"column":34},"end":{"line":229,"column":7}},"line":220},"10":{"name":"(anonymous_10)","decl":{"start":{"line":238,"column":59},"end":{"line":238,"column":60}},"loc":{"start":{"line":238,"column":64},"end":{"line":238,"column":74}},"line":238},"11":{"name":"(anonymous_11)","decl":{"start":{"line":242,"column":29},"end":{"line":242,"column":30}},"loc":{"start":{"line":242,"column":35},"end":{"line":246,"column":11}},"line":242},"12":{"name":"checkScheduleOverlap","decl":{"start":{"line":263,"column":9},"end":{"line":263,"column":29}},"loc":{"start":{"line":263,"column":41},"end":{"line":279,"column":1}},"line":263},"13":{"name":"(anonymous_13)","decl":{"start":{"line":265,"column":21},"end":{"line":265,"column":22}},"loc":{"start":{"line":265,"column":26},"end":{"line":265,"column":28}},"line":265},"14":{"name":"schedulesOverlap","decl":{"start":{"line":287,"column":9},"end":{"line":287,"column":25}},"loc":{"start":{"line":287,"column":48},"end":{"line":305,"column":1}},"line":287},"15":{"name":"(anonymous_15)","decl":{"start":{"line":289,"column":43},"end":{"line":289,"column":44}},"loc":{"start":{"line":289,"column":50},"end":{"line":289,"column":78}},"line":289},"16":{"name":"timeRangesOverlap","decl":{"start":{"line":313,"column":9},"end":{"line":313,"column":26}},"loc":{"start":{"line":313,"column":43},"end":{"line":319,"column":1}},"line":313},"17":{"name":"(anonymous_17)","decl":{"start":{"line":314,"column":47},"end":{"line":314,"column":48}},"loc":{"start":{"line":314,"column":52},"end":{"line":314,"column":67}},"line":314},"18":{"name":"(anonymous_18)","decl":{"start":{"line":315,"column":47},"end":{"line":315,"column":48}},"loc":{"start":{"line":315,"column":52},"end":{"line":315,"column":67}},"line":315},"19":{"name":"exportConfiguration","decl":{"start":{"line":325,"column":22},"end":{"line":325,"column":41}},"loc":{"start":{"line":325,"column":44},"end":{"line":333,"column":1}},"line":325},"20":{"name":"importConfiguration","decl":{"start":{"line":340,"column":22},"end":{"line":340,"column":41}},"loc":{"start":{"line":340,"column":54},"end":{"line":377,"column":1}},"line":340},"21":{"name":"createDefaultRuleGroup","decl":{"start":{"line":383,"column":16},"end":{"line":383,"column":38}},"loc":{"start":{"line":383,"column":41},"end":{"line":395,"column":1}},"line":383},"22":{"name":"formatDuration","decl":{"start":{"line":402,"column":16},"end":{"line":402,"column":30}},"loc":{"start":{"line":402,"column":40},"end":{"line":415,"column":1}},"line":402},"23":{"name":"parseDuration","decl":{"start":{"line":423,"column":16},"end":{"line":423,"column":29}},"loc":{"start":{"line":423,"column":35},"end":{"line":452,"column":1}},"line":423},"24":{"name":"getDayName","decl":{"start":{"line":459,"column":16},"end":{"line":459,"column":26}},"loc":{"start":{"line":459,"column":37},"end":{"line":462,"column":1}},"line":459},"25":{"name":"formatTimeRange","decl":{"start":{"line":469,"column":16},"end":{"line":469,"column":31}},"loc":{"start":{"line":469,"column":43},"end":{"line":472,"column":1}},"line":469},"26":{"name":"formatTime","decl":{"start":{"line":479,"column":9},"end":{"line":479,"column":19}},"loc":{"start":{"line":479,"column":26},"end":{"line":492,"column":1}},"line":479},"27":{"name":"getConfigurationStats","decl":{"start":{"line":498,"column":22},"end":{"line":498,"column":43}},"loc":{"start":{"line":498,"column":46},"end":{"line":527,"column":1}},"line":498},"28":{"name":"(anonymous_28)","decl":{"start":{"line":505,"column":26},"end":{"line":505,"column":27}},"loc":{"start":{"line":505,"column":35},"end":{"line":507,"column":5}},"line":505},"29":{"name":"(anonymous_29)","decl":{"start":{"line":506,"column":26},"end":{"line":506,"column":27}},"loc":{"start":{"line":506,"column":34},"end":{"line":506,"column":52}},"line":506},"30":{"name":"(anonymous_30)","decl":{"start":{"line":510,"column":46},"end":{"line":510,"column":47}},"loc":{"start":{"line":510,"column":55},"end":{"line":510,"column":86}},"line":510}},"branchMap":{"0":{"loc":{"start":{"line":38,"column":4},"end":{"line":44,"column":5}},"type":"if","locations":[{"start":{"line":38,"column":4},"end":{"line":44,"column":5}},{"start":{},"end":{}}],"line":38},"1":{"loc":{"start":{"line":67,"column":4},"end":{"line":73,"column":5}},"type":"if","locations":[{"start":{"line":67,"column":4},"end":{"line":73,"column":5}},{"start":{},"end":{}}],"line":67},"2":{"loc":{"start":{"line":84,"column":4},"end":{"line":91,"column":5}},"type":"if","locations":[{"start":{"line":84,"column":4},"end":{"line":91,"column":5}},{"start":{"line":89,"column":11},"end":{"line":91,"column":5}}],"line":84},"3":{"loc":{"start":{"line":111,"column":4},"end":{"line":117,"column":5}},"type":"if","locations":[{"start":{"line":111,"column":4},"end":{"line":117,"column":5}},{"start":{},"end":{}}],"line":111},"4":{"loc":{"start":{"line":123,"column":4},"end":{"line":128,"column":5}},"type":"if","locations":[{"start":{"line":123,"column":4},"end":{"line":128,"column":5}},{"start":{},"end":{}}],"line":123},"5":{"loc":{"start":{"line":123,"column":8},"end":{"line":123,"column":50}},"type":"binary-expr","locations":[{"start":{"line":123,"column":8},"end":{"line":123,"column":17}},{"start":{"line":123,"column":21},"end":{"line":123,"column":50}}],"line":123},"6":{"loc":{"start":{"line":155,"column":4},"end":{"line":160,"column":5}},"type":"if","locations":[{"start":{"line":155,"column":4},"end":{"line":160,"column":5}},{"start":{},"end":{}}],"line":155},"7":{"loc":{"start":{"line":155,"column":8},"end":{"line":155,"column":50}},"type":"binary-expr","locations":[{"start":{"line":155,"column":8},"end":{"line":155,"column":17}},{"start":{"line":155,"column":21},"end":{"line":155,"column":50}}],"line":155},"8":{"loc":{"start":{"line":185,"column":2},"end":{"line":188,"column":3}},"type":"if","locations":[{"start":{"line":185,"column":2},"end":{"line":188,"column":3}},{"start":{},"end":{}}],"line":185},"9":{"loc":{"start":{"line":185,"column":6},"end":{"line":185,"column":43}},"type":"binary-expr","locations":[{"start":{"line":185,"column":6},"end":{"line":185,"column":13}},{"start":{"line":185,"column":17},"end":{"line":185,"column":43}}],"line":185},"10":{"loc":{"start":{"line":190,"column":2},"end":{"line":193,"column":3}},"type":"if","locations":[{"start":{"line":190,"column":2},"end":{"line":193,"column":3}},{"start":{},"end":{}}],"line":190},"11":{"loc":{"start":{"line":197,"column":4},"end":{"line":199,"column":5}},"type":"if","locations":[{"start":{"line":197,"column":4},"end":{"line":199,"column":5}},{"start":{},"end":{}}],"line":197},"12":{"loc":{"start":{"line":198,"column":41},"end":{"line":198,"column":64}},"type":"binary-expr","locations":[{"start":{"line":198,"column":41},"end":{"line":198,"column":51}},{"start":{"line":198,"column":55},"end":{"line":198,"column":64}}],"line":198},"13":{"loc":{"start":{"line":221,"column":8},"end":{"line":223,"column":9}},"type":"if","locations":[{"start":{"line":221,"column":8},"end":{"line":223,"column":9}},{"start":{},"end":{}}],"line":221},"14":{"loc":{"start":{"line":236,"column":6},"end":{"line":248,"column":7}},"type":"if","locations":[{"start":{"line":236,"column":6},"end":{"line":248,"column":7}},{"start":{},"end":{}}],"line":236},"15":{"loc":{"start":{"line":265,"column":2},"end":{"line":267,"column":3}},"type":"if","locations":[{"start":{"line":265,"column":2},"end":{"line":267,"column":3}},{"start":{},"end":{}}],"line":265},"16":{"loc":{"start":{"line":272,"column":6},"end":{"line":274,"column":7}},"type":"if","locations":[{"start":{"line":272,"column":6},"end":{"line":274,"column":7}},{"start":{},"end":{}}],"line":272},"17":{"loc":{"start":{"line":291,"column":2},"end":{"line":293,"column":3}},"type":"if","locations":[{"start":{"line":291,"column":2},"end":{"line":293,"column":3}},{"start":{},"end":{}}],"line":291},"18":{"loc":{"start":{"line":298,"column":6},"end":{"line":300,"column":7}},"type":"if","locations":[{"start":{"line":298,"column":6},"end":{"line":300,"column":7}},{"start":{},"end":{}}],"line":298},"19":{"loc":{"start":{"line":318,"column":9},"end":{"line":318,"column":39}},"type":"binary-expr","locations":[{"start":{"line":318,"column":9},"end":{"line":318,"column":22}},{"start":{"line":318,"column":26},"end":{"line":318,"column":39}}],"line":318},"20":{"loc":{"start":{"line":355,"column":4},"end":{"line":360,"column":5}},"type":"if","locations":[{"start":{"line":355,"column":4},"end":{"line":360,"column":5}},{"start":{},"end":{}}],"line":355},"21":{"loc":{"start":{"line":365,"column":4},"end":{"line":367,"column":5}},"type":"if","locations":[{"start":{"line":365,"column":4},"end":{"line":367,"column":5}},{"start":{},"end":{}}],"line":365},"22":{"loc":{"start":{"line":403,"column":2},"end":{"line":405,"column":3}},"type":"if","locations":[{"start":{"line":403,"column":2},"end":{"line":405,"column":3}},{"start":{},"end":{}}],"line":403},"23":{"loc":{"start":{"line":404,"column":31},"end":{"line":404,"column":55}},"type":"cond-expr","locations":[{"start":{"line":404,"column":47},"end":{"line":404,"column":50}},{"start":{"line":404,"column":53},"end":{"line":404,"column":55}}],"line":404},"24":{"loc":{"start":{"line":410,"column":2},"end":{"line":412,"column":3}},"type":"if","locations":[{"start":{"line":410,"column":2},"end":{"line":412,"column":3}},{"start":{},"end":{}}],"line":410},"25":{"loc":{"start":{"line":411,"column":27},"end":{"line":411,"column":49}},"type":"cond-expr","locations":[{"start":{"line":411,"column":41},"end":{"line":411,"column":44}},{"start":{"line":411,"column":47},"end":{"line":411,"column":49}}],"line":411},"26":{"loc":{"start":{"line":414,"column":25},"end":{"line":414,"column":47}},"type":"cond-expr","locations":[{"start":{"line":414,"column":39},"end":{"line":414,"column":42}},{"start":{"line":414,"column":45},"end":{"line":414,"column":47}}],"line":414},"27":{"loc":{"start":{"line":414,"column":77},"end":{"line":414,"column":110}},"type":"cond-expr","locations":[{"start":{"line":414,"column":102},"end":{"line":414,"column":105}},{"start":{"line":414,"column":108},"end":{"line":414,"column":110}}],"line":414},"28":{"loc":{"start":{"line":432,"column":2},"end":{"line":434,"column":3}},"type":"if","locations":[{"start":{"line":432,"column":2},"end":{"line":434,"column":3}},{"start":{},"end":{}}],"line":432},"29":{"loc":{"start":{"line":436,"column":2},"end":{"line":438,"column":3}},"type":"if","locations":[{"start":{"line":436,"column":2},"end":{"line":438,"column":3}},{"start":{},"end":{}}],"line":436},"30":{"loc":{"start":{"line":441,"column":2},"end":{"line":443,"column":3}},"type":"if","locations":[{"start":{"line":441,"column":2},"end":{"line":443,"column":3}},{"start":{},"end":{}}],"line":441},"31":{"loc":{"start":{"line":447,"column":2},"end":{"line":449,"column":3}},"type":"if","locations":[{"start":{"line":447,"column":2},"end":{"line":449,"column":3}},{"start":{},"end":{}}],"line":447},"32":{"loc":{"start":{"line":447,"column":6},"end":{"line":447,"column":28}},"type":"binary-expr","locations":[{"start":{"line":447,"column":6},"end":{"line":447,"column":17}},{"start":{"line":447,"column":21},"end":{"line":447,"column":28}}],"line":447},"33":{"loc":{"start":{"line":461,"column":9},"end":{"line":461,"column":36}},"type":"binary-expr","locations":[{"start":{"line":461,"column":9},"end":{"line":461,"column":23}},{"start":{"line":461,"column":27},"end":{"line":461,"column":36}}],"line":461},"34":{"loc":{"start":{"line":483,"column":2},"end":{"line":491,"column":3}},"type":"if","locations":[{"start":{"line":483,"column":2},"end":{"line":491,"column":3}},{"start":{"line":485,"column":9},"end":{"line":491,"column":3}}],"line":483},"35":{"loc":{"start":{"line":485,"column":9},"end":{"line":491,"column":3}},"type":"if","locations":[{"start":{"line":485,"column":9},"end":{"line":491,"column":3}},{"start":{"line":487,"column":9},"end":{"line":491,"column":3}}],"line":485},"36":{"loc":{"start":{"line":487,"column":9},"end":{"line":491,"column":3}},"type":"if","locations":[{"start":{"line":487,"column":9},"end":{"line":491,"column":3}},{"start":{"line":489,"column":9},"end":{"line":491,"column":3}}],"line":487}},"s":{"0":0,"1":0,"2":0,"3":0,"4":0,"5":0,"6":0,"7":0,"8":0,"9":0,"10":0,"11":0,"12":0,"13":0,"14":0,"15":0,"16":0,"17":0,"18":0,"19":0,"20":0,"21":0,"22":0,"23":0,"24":0,"25":0,"26":0,"27":0,"28":0,"29":0,"30":0,"31":0,"32":0,"33":0,"34":0,"35":0,"36":0,"37":0,"38":0,"39":0,"40":0,"41":0,"42":0,"43":0,"44":0,"45":0,"46":0,"47":0,"48":0,"49":0,"50":0,"51":0,"52":0,"53":0,"54":0,"55":0,"56":0,"57":0,"58":0,"59":0,"60":0,"61":0,"62":0,"63":0,"64":0,"65":0,"66":0,"67":0,"68":0,"69":0,"70":0,"71":0,"72":0,"73":0,"74":0,"75":0,"76":0,"77":0,"78":0,"79":0,"80":0,"81":0,"82":0,"83":0,"84":0,"85":0,"86":0,"87":0,"88":0,"89":0,"90":0,"91":0,"92":0,"93":0,"94":0,"95":0,"96":0,"97":0,"98":0,"99":0,"100":0,"101":0,"102":0,"103":0,"104":0,"105":0,"106":0,"107":0,"108":0,"109":0,"110":0,"111":0,"112":0,"113":0,"114":0,"115":0,"116":0,"117":0,"118":0,"119":0,"120":0,"121":0,"122":5,"123":23,"124":8,"125":15,"126":15,"127":15,"128":9,"129":6,"130":40,"131":40,"132":40,"133":40,"134":40,"135":23,"136":40,"137":17,"138":40,"139":30,"140":10,"141":10,"142":3,"143":7,"144":10,"145":10,"146":13,"147":13,"148":26,"149":26,"150":26,"151":2,"152":24,"153":9,"154":15,"155":2,"156":13,"157":0,"158":0,"159":0,"160":0,"161":0,"162":0,"163":0,"164":0,"165":0,"166":0,"167":0,"168":0},"f":{"0":0,"1":0,"2":0,"3":0,"4":0,"5":0,"6":0,"7":0,"8":0,"9":0,"10":0,"11":0,"12":0,"13":0,"14":0,"15":0,"16":0,"17":0,"18":0,"19":0,"20":0,"21":5,"22":23,"23":40,"24":10,"25":13,"26":26,"27":0,"28":0,"29":0,"30":0},"b":{"0":[0,0],"1":[0,0],"2":[0,0],"3":[0,0],"4":[0,0],"5":[0,0],"6":[0,0],"7":[0,0],"8":[0,0],"9":[0,0],"10":[0,0],"11":[0,0],"12":[0,0],"13":[0,0],"14":[0,0],"15":[0,0],"16":[0,0],"17":[0,0],"18":[0,0],"19":[0,0],"20":[0,0],"21":[0,0],"22":[8,15],"23":[6,2],"24":[9,6],"25":[7,2],"26":[2,4],"27":[3,3],"28":[23,17],"29":[17,23],"30":[30,10],"31":[3,7],"32":[10,6],"33":[10,3],"34":[2,24],"35":[9,15],"36":[2,13]},"inputSourceMap":null,"_coverageSchema":"1a1c01bbd47fc00a2c39e90264f33305004495a9","hash":"b63c59ff59021b0e019d767706b550e807cf50ca"}
,"/Users/zacharylevinw/src/throttle-me-bananas/src/storage/schema.js": {"path":"/Users/zacharylevinw/src/throttle-me-bananas/src/storage/schema.js","statementMap":{"0":{"start":{"line":37,"column":28},"end":{"line":41,"column":1}},"1":{"start":{"line":46,"column":31},"end":{"line":46,"column":32}},"2":{"start":{"line":52,"column":37},"end":{"line":66,"column":1}},"3":{"start":{"line":74,"column":17},"end":{"line":74,"column":19}},"4":{"start":{"line":76,"column":2},"end":{"line":79,"column":3}},"5":{"start":{"line":77,"column":4},"end":{"line":77,"column":48}},"6":{"start":{"line":78,"column":4},"end":{"line":78,"column":36}},"7":{"start":{"line":81,"column":2},"end":{"line":83,"column":3}},"8":{"start":{"line":82,"column":4},"end":{"line":82,"column":57}},"9":{"start":{"line":85,"column":2},"end":{"line":87,"column":3}},"10":{"start":{"line":86,"column":4},"end":{"line":86,"column":54}},"11":{"start":{"line":89,"column":2},"end":{"line":91,"column":3}},"12":{"start":{"line":90,"column":4},"end":{"line":90,"column":58}},"13":{"start":{"line":93,"column":2},"end":{"line":95,"column":3}},"14":{"start":{"line":94,"column":4},"end":{"line":94,"column":49}},"15":{"start":{"line":97,"column":2},"end":{"line":105,"column":3}},"16":{"start":{"line":98,"column":4},"end":{"line":98,"column":51}},"17":{"start":{"line":100,"column":4},"end":{"line":104,"column":7}},"18":{"start":{"line":101,"column":6},"end":{"line":103,"column":7}},"19":{"start":{"line":102,"column":8},"end":{"line":102,"column":73}},"20":{"start":{"line":107,"column":2},"end":{"line":123,"column":3}},"21":{"start":{"line":108,"column":4},"end":{"line":112,"column":5}},"22":{"start":{"line":109,"column":6},"end":{"line":109,"column":52}},"23":{"start":{"line":110,"column":11},"end":{"line":112,"column":5}},"24":{"start":{"line":110,"column":45},"end":{"line":110,"column":59}},"25":{"start":{"line":111,"column":6},"end":{"line":111,"column":79}},"26":{"start":{"line":114,"column":4},"end":{"line":122,"column":5}},"27":{"start":{"line":115,"column":6},"end":{"line":115,"column":53}},"28":{"start":{"line":117,"column":6},"end":{"line":121,"column":9}},"29":{"start":{"line":118,"column":8},"end":{"line":120,"column":9}},"30":{"start":{"line":119,"column":10},"end":{"line":119,"column":82}},"31":{"start":{"line":125,"column":2},"end":{"line":128,"column":4}},"32":{"start":{"line":137,"column":17},"end":{"line":137,"column":19}},"33":{"start":{"line":139,"column":2},"end":{"line":142,"column":3}},"34":{"start":{"line":140,"column":4},"end":{"line":140,"column":51}},"35":{"start":{"line":141,"column":4},"end":{"line":141,"column":36}},"36":{"start":{"line":144,"column":2},"end":{"line":147,"column":3}},"37":{"start":{"line":145,"column":4},"end":{"line":145,"column":58}},"38":{"start":{"line":146,"column":4},"end":{"line":146,"column":36}},"39":{"start":{"line":149,"column":2},"end":{"line":154,"column":5}},"40":{"start":{"line":150,"column":23},"end":{"line":150,"column":47}},"41":{"start":{"line":151,"column":4},"end":{"line":153,"column":5}},"42":{"start":{"line":152,"column":6},"end":{"line":152,"column":98}},"43":{"start":{"line":156,"column":2},"end":{"line":159,"column":4}},"44":{"start":{"line":168,"column":17},"end":{"line":168,"column":19}},"45":{"start":{"line":170,"column":2},"end":{"line":173,"column":3}},"46":{"start":{"line":171,"column":4},"end":{"line":171,"column":48}},"47":{"start":{"line":172,"column":4},"end":{"line":172,"column":36}},"48":{"start":{"line":175,"column":2},"end":{"line":177,"column":3}},"49":{"start":{"line":176,"column":4},"end":{"line":176,"column":63}},"50":{"start":{"line":179,"column":2},"end":{"line":181,"column":3}},"51":{"start":{"line":180,"column":4},"end":{"line":180,"column":58}},"52":{"start":{"line":183,"column":2},"end":{"line":185,"column":3}},"53":{"start":{"line":184,"column":4},"end":{"line":184,"column":48}},"54":{"start":{"line":187,"column":2},"end":{"line":190,"column":4}}},"fnMap":{"0":{"name":"validateRuleGroup","decl":{"start":{"line":73,"column":16},"end":{"line":73,"column":33}},"loc":{"start":{"line":73,"column":41},"end":{"line":129,"column":1}},"line":73},"1":{"name":"(anonymous_1)","decl":{"start":{"line":100,"column":24},"end":{"line":100,"column":25}},"loc":{"start":{"line":100,"column":41},"end":{"line":104,"column":5}},"line":100},"2":{"name":"(anonymous_2)","decl":{"start":{"line":110,"column":40},"end":{"line":110,"column":41}},"loc":{"start":{"line":110,"column":45},"end":{"line":110,"column":59}},"line":110},"3":{"name":"(anonymous_3)","decl":{"start":{"line":117,"column":35},"end":{"line":117,"column":36}},"loc":{"start":{"line":117,"column":52},"end":{"line":121,"column":7}},"line":117},"4":{"name":"validateConfiguration","decl":{"start":{"line":136,"column":16},"end":{"line":136,"column":37}},"loc":{"start":{"line":136,"column":46},"end":{"line":160,"column":1}},"line":136},"5":{"name":"(anonymous_5)","decl":{"start":{"line":149,"column":24},"end":{"line":149,"column":25}},"loc":{"start":{"line":149,"column":42},"end":{"line":154,"column":3}},"line":149},"6":{"name":"validateAccessLog","decl":{"start":{"line":167,"column":16},"end":{"line":167,"column":33}},"loc":{"start":{"line":167,"column":39},"end":{"line":191,"column":1}},"line":167}},"branchMap":{"0":{"loc":{"start":{"line":76,"column":2},"end":{"line":79,"column":3}},"type":"if","locations":[{"start":{"line":76,"column":2},"end":{"line":79,"column":3}},{"start":{},"end":{}}],"line":76},"1":{"loc":{"start":{"line":76,"column":6},"end":{"line":76,"column":41}},"type":"binary-expr","locations":[{"start":{"line":76,"column":6},"end":{"line":76,"column":12}},{"start":{"line":76,"column":16},"end":{"line":76,"column":41}}],"line":76},"2":{"loc":{"start":{"line":81,"column":2},"end":{"line":83,"column":3}},"type":"if","locations":[{"start":{"line":81,"column":2},"end":{"line":83,"column":3}},{"start":{},"end":{}}],"line":81},"3":{"loc":{"start":{"line":81,"column":6},"end":{"line":81,"column":64}},"type":"binary-expr","locations":[{"start":{"line":81,"column":6},"end":{"line":81,"column":36}},{"start":{"line":81,"column":40},"end":{"line":81,"column":64}}],"line":81},"4":{"loc":{"start":{"line":85,"column":2},"end":{"line":87,"column":3}},"type":"if","locations":[{"start":{"line":85,"column":2},"end":{"line":87,"column":3}},{"start":{},"end":{}}],"line":85},"5":{"loc":{"start":{"line":85,"column":6},"end":{"line":85,"column":63}},"type":"binary-expr","locations":[{"start":{"line":85,"column":6},"end":{"line":85,"column":40}},{"start":{"line":85,"column":44},"end":{"line":85,"column":63}}],"line":85},"6":{"loc":{"start":{"line":89,"column":2},"end":{"line":91,"column":3}},"type":"if","locations":[{"start":{"line":89,"column":2},"end":{"line":91,"column":3}},{"start":{},"end":{}}],"line":89},"7":{"loc":{"start":{"line":89,"column":6},"end":{"line":89,"column":69}},"type":"binary-expr","locations":[{"start":{"line":89,"column":6},"end":{"line":89,"column":43}},{"start":{"line":89,"column":47},"end":{"line":89,"column":69}}],"line":89},"8":{"loc":{"start":{"line":93,"column":2},"end":{"line":95,"column":3}},"type":"if","locations":[{"start":{"line":93,"column":2},"end":{"line":95,"column":3}},{"start":{},"end":{}}],"line":93},"9":{"loc":{"start":{"line":97,"column":2},"end":{"line":105,"column":3}},"type":"if","locations":[{"start":{"line":97,"column":2},"end":{"line":105,"column":3}},{"start":{"line":99,"column":9},"end":{"line":105,"column":3}}],"line":97},"10":{"loc":{"start":{"line":97,"column":6},"end":{"line":97,"column":61}},"type":"binary-expr","locations":[{"start":{"line":97,"column":6},"end":{"line":97,"column":33}},{"start":{"line":97,"column":37},"end":{"line":97,"column":61}}],"line":97},"11":{"loc":{"start":{"line":101,"column":6},"end":{"line":103,"column":7}},"type":"if","locations":[{"start":{"line":101,"column":6},"end":{"line":103,"column":7}},{"start":{},"end":{}}],"line":101},"12":{"loc":{"start":{"line":101,"column":10},"end":{"line":101,"column":56}},"type":"binary-expr","locations":[{"start":{"line":101,"column":10},"end":{"line":101,"column":34}},{"start":{"line":101,"column":38},"end":{"line":101,"column":56}}],"line":101},"13":{"loc":{"start":{"line":107,"column":2},"end":{"line":123,"column":3}},"type":"if","locations":[{"start":{"line":107,"column":2},"end":{"line":123,"column":3}},{"start":{},"end":{}}],"line":107},"14":{"loc":{"start":{"line":108,"column":4},"end":{"line":112,"column":5}},"type":"if","locations":[{"start":{"line":108,"column":4},"end":{"line":112,"column":5}},{"start":{"line":110,"column":11},"end":{"line":112,"column":5}}],"line":108},"15":{"loc":{"start":{"line":108,"column":8},"end":{"line":108,"column":67}},"type":"binary-expr","locations":[{"start":{"line":108,"column":8},"end":{"line":108,"column":28}},{"start":{"line":108,"column":32},"end":{"line":108,"column":67}}],"line":108},"16":{"loc":{"start":{"line":110,"column":11},"end":{"line":112,"column":5}},"type":"if","locations":[{"start":{"line":110,"column":11},"end":{"line":112,"column":5}},{"start":{},"end":{}}],"line":110},"17":{"loc":{"start":{"line":110,"column":45},"end":{"line":110,"column":59}},"type":"binary-expr","locations":[{"start":{"line":110,"column":45},"end":{"line":110,"column":50}},{"start":{"line":110,"column":54},"end":{"line":110,"column":59}}],"line":110},"18":{"loc":{"start":{"line":114,"column":4},"end":{"line":122,"column":5}},"type":"if","locations":[{"start":{"line":114,"column":4},"end":{"line":122,"column":5}},{"start":{"line":116,"column":11},"end":{"line":122,"column":5}}],"line":114},"19":{"loc":{"start":{"line":114,"column":8},"end":{"line":114,"column":69}},"type":"binary-expr","locations":[{"start":{"line":114,"column":8},"end":{"line":114,"column":29}},{"start":{"line":114,"column":33},"end":{"line":114,"column":69}}],"line":114},"20":{"loc":{"start":{"line":118,"column":8},"end":{"line":120,"column":9}},"type":"if","locations":[{"start":{"line":118,"column":8},"end":{"line":120,"column":9}},{"start":{},"end":{}}],"line":118},"21":{"loc":{"start":{"line":139,"column":2},"end":{"line":142,"column":3}},"type":"if","locations":[{"start":{"line":139,"column":2},"end":{"line":142,"column":3}},{"start":{},"end":{}}],"line":139},"22":{"loc":{"start":{"line":139,"column":6},"end":{"line":139,"column":43}},"type":"binary-expr","locations":[{"start":{"line":139,"column":6},"end":{"line":139,"column":13}},{"start":{"line":139,"column":17},"end":{"line":139,"column":43}}],"line":139},"23":{"loc":{"start":{"line":144,"column":2},"end":{"line":147,"column":3}},"type":"if","locations":[{"start":{"line":144,"column":2},"end":{"line":147,"column":3}},{"start":{},"end":{}}],"line":144},"24":{"loc":{"start":{"line":151,"column":4},"end":{"line":153,"column":5}},"type":"if","locations":[{"start":{"line":151,"column":4},"end":{"line":153,"column":5}},{"start":{},"end":{}}],"line":151},"25":{"loc":{"start":{"line":152,"column":37},"end":{"line":152,"column":60}},"type":"binary-expr","locations":[{"start":{"line":152,"column":37},"end":{"line":152,"column":47}},{"start":{"line":152,"column":51},"end":{"line":152,"column":60}}],"line":152},"26":{"loc":{"start":{"line":170,"column":2},"end":{"line":173,"column":3}},"type":"if","locations":[{"start":{"line":170,"column":2},"end":{"line":173,"column":3}},{"start":{},"end":{}}],"line":170},"27":{"loc":{"start":{"line":170,"column":6},"end":{"line":170,"column":37}},"type":"binary-expr","locations":[{"start":{"line":170,"column":6},"end":{"line":170,"column":10}},{"start":{"line":170,"column":14},"end":{"line":170,"column":37}}],"line":170},"28":{"loc":{"start":{"line":175,"column":2},"end":{"line":177,"column":3}},"type":"if","locations":[{"start":{"line":175,"column":2},"end":{"line":177,"column":3}},{"start":{},"end":{}}],"line":175},"29":{"loc":{"start":{"line":175,"column":6},"end":{"line":175,"column":60}},"type":"binary-expr","locations":[{"start":{"line":175,"column":6},"end":{"line":175,"column":34}},{"start":{"line":175,"column":38},"end":{"line":175,"column":60}}],"line":175},"30":{"loc":{"start":{"line":179,"column":2},"end":{"line":181,"column":3}},"type":"if","locations":[{"start":{"line":179,"column":2},"end":{"line":181,"column":3}},{"start":{},"end":{}}],"line":179},"31":{"loc":{"start":{"line":179,"column":6},"end":{"line":179,"column":61}},"type":"binary-expr","locations":[{"start":{"line":179,"column":6},"end":{"line":179,"column":39}},{"start":{"line":179,"column":43},"end":{"line":179,"column":61}}],"line":179},"32":{"loc":{"start":{"line":183,"column":2},"end":{"line":185,"column":3}},"type":"if","locations":[{"start":{"line":183,"column":2},"end":{"line":185,"column":3}},{"start":{},"end":{}}],"line":183}},"s":{"0":2,"1":2,"2":2,"3":43,"4":43,"5":5,"6":5,"7":38,"8":6,"9":38,"10":8,"11":38,"12":7,"13":38,"14":3,"15":38,"16":6,"17":32,"18":39,"19":4,"20":38,"21":13,"22":1,"23":12,"24":42,"25":3,"26":13,"27":1,"28":12,"29":13,"30":6,"31":38,"32":13,"33":13,"34":3,"35":3,"36":10,"37":3,"38":3,"39":7,"40":8,"41":8,"42":3,"43":7,"44":16,"45":16,"46":4,"47":4,"48":12,"49":5,"50":12,"51":6,"52":12,"53":3,"54":12},"f":{"0":43,"1":39,"2":42,"3":13,"4":13,"5":8,"6":16},"b":{"0":[5,38],"1":[43,40],"2":[6,32],"3":[38,36],"4":[8,30],"5":[38,35],"6":[7,31],"7":[38,35],"8":[3,35],"9":[6,32],"10":[38,35],"11":[4,35],"12":[39,37],"13":[13,25],"14":[1,12],"15":[13,13],"16":[3,9],"17":[42,41],"18":[1,12],"19":[13,13],"20":[6,7],"21":[3,10],"22":[13,11],"23":[3,7],"24":[3,5],"25":[3,2],"26":[4,12],"27":[16,14],"28":[5,7],"29":[12,10],"30":[6,6],"31":[12,9],"32":[3,9]},"inputSourceMap":null,"_coverageSchema":"1a1c01bbd47fc00a2c39e90264f33305004495a9","hash":"0d04ed35584312cf4e0d34a4ad424aacef498266"}
,"/Users/zacharylevinw/src/throttle-me-bananas/src/utils/access-calculator.js": {"path":"/Users/zacharylevinw/src/throttle-me-bananas/src/utils/access-calculator.js","statementMap":{"0":{"start":{"line":12,"column":14},"end":{"line":12,"column":24}},"1":{"start":{"line":13,"column":22},"end":{"line":13,"column":57}},"2":{"start":{"line":15,"column":2},"end":{"line":15,"column":68}},"3":{"start":{"line":15,"column":35},"end":{"line":15,"column":66}},"4":{"start":{"line":37,"column":25},"end":{"line":37,"column":74}},"5":{"start":{"line":41,"column":2},"end":{"line":66,"column":3}},"6":{"start":{"line":43,"column":4},"end":{"line":62,"column":6}},"7":{"start":{"line":44,"column":6},"end":{"line":61,"column":8}},"8":{"start":{"line":47,"column":26},"end":{"line":47,"column":50}},"9":{"start":{"line":48,"column":29},"end":{"line":48,"column":51}},"10":{"start":{"line":49,"column":30},"end":{"line":49,"column":45}},"11":{"start":{"line":50,"column":28},"end":{"line":50,"column":59}},"12":{"start":{"line":52,"column":30},"end":{"line":53,"column":69}},"13":{"start":{"line":55,"column":8},"end":{"line":55,"column":41}},"14":{"start":{"line":55,"column":28},"end":{"line":55,"column":41}},"15":{"start":{"line":56,"column":8},"end":{"line":56,"column":38}},"16":{"start":{"line":56,"column":26},"end":{"line":56,"column":38}},"17":{"start":{"line":60,"column":8},"end":{"line":60,"column":20}},"18":{"start":{"line":65,"column":4},"end":{"line":65,"column":84}},"19":{"start":{"line":65,"column":55},"end":{"line":65,"column":82}},"20":{"start":{"line":68,"column":22},"end":{"line":68,"column":45}},"21":{"start":{"line":69,"column":20},"end":{"line":69,"column":45}},"22":{"start":{"line":71,"column":2},"end":{"line":71,"column":32}}},"fnMap":{"0":{"name":"filterAccessesInWindow","decl":{"start":{"line":11,"column":16},"end":{"line":11,"column":38}},"loc":{"start":{"line":11,"column":66},"end":{"line":16,"column":1}},"line":11},"1":{"name":"(anonymous_1)","decl":{"start":{"line":15,"column":25},"end":{"line":15,"column":26}},"loc":{"start":{"line":15,"column":35},"end":{"line":15,"column":66}},"line":15},"2":{"name":"calculateRemainingAccesses","decl":{"start":{"line":28,"column":16},"end":{"line":28,"column":42}},"loc":{"start":{"line":35,"column":2},"end":{"line":72,"column":1}},"line":35},"3":{"name":"(anonymous_3)","decl":{"start":{"line":43,"column":45},"end":{"line":43,"column":46}},"loc":{"start":{"line":44,"column":6},"end":{"line":61,"column":8}},"line":44},"4":{"name":"(anonymous_4)","decl":{"start":{"line":44,"column":17},"end":{"line":44,"column":18}},"loc":{"start":{"line":44,"column":32},"end":{"line":61,"column":7}},"line":44},"5":{"name":"(anonymous_5)","decl":{"start":{"line":65,"column":45},"end":{"line":65,"column":46}},"loc":{"start":{"line":65,"column":55},"end":{"line":65,"column":82}},"line":65}},"branchMap":{"0":{"loc":{"start":{"line":41,"column":2},"end":{"line":66,"column":3}},"type":"if","locations":[{"start":{"line":41,"column":2},"end":{"line":66,"column":3}},{"start":{"line":63,"column":9},"end":{"line":66,"column":3}}],"line":41},"1":{"loc":{"start":{"line":52,"column":30},"end":{"line":53,"column":69}},"type":"binary-expr","locations":[{"start":{"line":52,"column":30},"end":{"line":52,"column":59}},{"start":{"line":53,"column":28},"end":{"line":53,"column":69}}],"line":52},"2":{"loc":{"start":{"line":55,"column":8},"end":{"line":55,"column":41}},"type":"if","locations":[{"start":{"line":55,"column":8},"end":{"line":55,"column":41}},{"start":{},"end":{}}],"line":55},"3":{"loc":{"start":{"line":56,"column":8},"end":{"line":56,"column":38}},"type":"if","locations":[{"start":{"line":56,"column":8},"end":{"line":56,"column":38}},{"start":{},"end":{}}],"line":56}},"s":{"0":30,"1":30,"2":30,"3":83,"4":25,"5":25,"6":8,"7":29,"8":52,"9":52,"10":52,"11":52,"12":52,"13":52,"14":23,"15":29,"16":29,"17":0,"18":17,"19":43,"20":25,"21":25,"22":25},"f":{"0":30,"1":83,"2":25,"3":29,"4":52,"5":43},"b":{"0":[8,17],"1":[52,23],"2":[23,29],"3":[29,0]},"inputSourceMap":null,"_coverageSchema":"1a1c01bbd47fc00a2c39e90264f33305004495a9","hash":"44e114d85e84e3001cfd52f8ccc775673b4f56b9"}
,"/Users/zacharylevinw/src/throttle-me-bananas/src/utils/time-utils.js": {"path":"/Users/zacharylevinw/src/throttle-me-bananas/src/utils/time-utils.js","statementMap":{"0":{"start":{"line":11,"column":23},"end":{"line":11,"column":44}},"1":{"start":{"line":13,"column":2},"end":{"line":22,"column":4}},"2":{"start":{"line":33,"column":25},"end":{"line":33,"column":79}},"3":{"start":{"line":34,"column":23},"end":{"line":34,"column":63}},"4":{"start":{"line":35,"column":21},"end":{"line":35,"column":57}},"5":{"start":{"line":37,"column":2},"end":{"line":37,"column":72}},"6":{"start":{"line":49,"column":2},"end":{"line":51,"column":3}},"7":{"start":{"line":50,"column":4},"end":{"line":50,"column":16}},"8":{"start":{"line":53,"column":14},"end":{"line":53,"column":24}},"9":{"start":{"line":54,"column":21},"end":{"line":54,"column":33}},"10":{"start":{"line":57,"column":2},"end":{"line":59,"column":3}},"11":{"start":{"line":58,"column":4},"end":{"line":58,"column":17}},"12":{"start":{"line":62,"column":2},"end":{"line":67,"column":3}},"13":{"start":{"line":63,"column":27},"end":{"line":63,"column":52}},"14":{"start":{"line":64,"column":4},"end":{"line":66,"column":5}},"15":{"start":{"line":65,"column":6},"end":{"line":65,"column":18}},"16":{"start":{"line":69,"column":2},"end":{"line":69,"column":15}}},"fnMap":{"0":{"name":"parseTimeRange","decl":{"start":{"line":10,"column":16},"end":{"line":10,"column":30}},"loc":{"start":{"line":10,"column":43},"end":{"line":23,"column":1}},"line":10},"1":{"name":"isTimeInRange","decl":{"start":{"line":32,"column":16},"end":{"line":32,"column":29}},"loc":{"start":{"line":32,"column":63},"end":{"line":38,"column":1}},"line":32},"2":{"name":"isRuleActiveNow","decl":{"start":{"line":47,"column":16},"end":{"line":47,"column":31}},"loc":{"start":{"line":47,"column":42},"end":{"line":70,"column":1}},"line":47}},"branchMap":{"0":{"loc":{"start":{"line":37,"column":9},"end":{"line":37,"column":71}},"type":"binary-expr","locations":[{"start":{"line":37,"column":9},"end":{"line":37,"column":39}},{"start":{"line":37,"column":43},"end":{"line":37,"column":71}}],"line":37},"1":{"loc":{"start":{"line":49,"column":2},"end":{"line":51,"column":3}},"type":"if","locations":[{"start":{"line":49,"column":2},"end":{"line":51,"column":3}},{"start":{},"end":{}}],"line":49},"2":{"loc":{"start":{"line":49,"column":6},"end":{"line":49,"column":52}},"type":"binary-expr","locations":[{"start":{"line":49,"column":6},"end":{"line":49,"column":15}},{"start":{"line":49,"column":19},"end":{"line":49,"column":33}},{"start":{"line":49,"column":37},"end":{"line":49,"column":52}}],"line":49},"3":{"loc":{"start":{"line":57,"column":2},"end":{"line":59,"column":3}},"type":"if","locations":[{"start":{"line":57,"column":2},"end":{"line":59,"column":3}},{"start":{},"end":{}}],"line":57},"4":{"loc":{"start":{"line":64,"column":4},"end":{"line":66,"column":5}},"type":"if","locations":[{"start":{"line":64,"column":4},"end":{"line":66,"column":5}},{"start":{},"end":{}}],"line":64}},"s":{"0":14,"1":14,"2":15,"3":15,"4":15,"5":15,"6":38,"7":29,"8":9,"9":9,"10":9,"11":2,"12":7,"13":9,"14":9,"15":4,"16":3},"f":{"0":14,"1":15,"2":38},"b":{"0":[15,11],"1":[29,9],"2":[38,10,9],"3":[2,7],"4":[4,5]},"inputSourceMap":null,"_coverageSchema":"1a1c01bbd47fc00a2c39e90264f33305004495a9","hash":"5299dbd07229e92ea523e0d20d7421f4829a4795"}
,"/Users/zacharylevinw/src/throttle-me-bananas/src/utils/url-matcher.js": {"path":"/Users/zacharylevinw/src/throttle-me-bananas/src/utils/url-matcher.js","statementMap":{"0":{"start":{"line":11,"column":2},"end":{"line":17,"column":3}},"1":{"start":{"line":12,"column":19},"end":{"line":12,"column":31}},"2":{"start":{"line":13,"column":4},"end":{"line":13,"column":27}},"3":{"start":{"line":15,"column":4},"end":{"line":15,"column":42}},"4":{"start":{"line":16,"column":4},"end":{"line":16,"column":14}},"5":{"start":{"line":26,"column":2},"end":{"line":32,"column":3}},"6":{"start":{"line":27,"column":19},"end":{"line":27,"column":31}},"7":{"start":{"line":28,"column":4},"end":{"line":28,"column":27}},"8":{"start":{"line":30,"column":4},"end":{"line":30,"column":42}},"9":{"start":{"line":31,"column":4},"end":{"line":31,"column":14}},"10":{"start":{"line":42,"column":17},"end":{"line":42,"column":35}},"11":{"start":{"line":43,"column":15},"end":{"line":43,"column":31}},"12":{"start":{"line":45,"column":2},"end":{"line":47,"column":3}},"13":{"start":{"line":46,"column":4},"end":{"line":46,"column":17}},"14":{"start":{"line":50,"column":23},"end":{"line":50,"column":41}},"15":{"start":{"line":51,"column":24},"end":{"line":51,"column":39}},"16":{"start":{"line":52,"column":22},"end":{"line":52,"column":53}},"17":{"start":{"line":55,"column":24},"end":{"line":55,"column":88}},"18":{"start":{"line":57,"column":2},"end":{"line":59,"column":3}},"19":{"start":{"line":58,"column":4},"end":{"line":58,"column":17}},"20":{"start":{"line":62,"column":2},"end":{"line":64,"column":3}},"21":{"start":{"line":63,"column":4},"end":{"line":63,"column":16}},"22":{"start":{"line":67,"column":25},"end":{"line":67,"column":68}},"23":{"start":{"line":68,"column":2},"end":{"line":68,"column":88}}},"fnMap":{"0":{"name":"extractDomain","decl":{"start":{"line":10,"column":16},"end":{"line":10,"column":29}},"loc":{"start":{"line":10,"column":35},"end":{"line":18,"column":1}},"line":10},"1":{"name":"extractPath","decl":{"start":{"line":25,"column":16},"end":{"line":25,"column":27}},"loc":{"start":{"line":25,"column":33},"end":{"line":33,"column":1}},"line":25},"2":{"name":"matchesSitePattern","decl":{"start":{"line":41,"column":16},"end":{"line":41,"column":34}},"loc":{"start":{"line":41,"column":49},"end":{"line":69,"column":1}},"line":41}},"branchMap":{"0":{"loc":{"start":{"line":45,"column":2},"end":{"line":47,"column":3}},"type":"if","locations":[{"start":{"line":45,"column":2},"end":{"line":47,"column":3}},{"start":{},"end":{}}],"line":45},"1":{"loc":{"start":{"line":45,"column":6},"end":{"line":45,"column":25}},"type":"binary-expr","locations":[{"start":{"line":45,"column":6},"end":{"line":45,"column":13}},{"start":{"line":45,"column":17},"end":{"line":45,"column":25}}],"line":45},"2":{"loc":{"start":{"line":55,"column":24},"end":{"line":55,"column":88}},"type":"binary-expr","locations":[{"start":{"line":55,"column":24},"end":{"line":55,"column":48}},{"start":{"line":55,"column":52},"end":{"line":55,"column":88}}],"line":55},"3":{"loc":{"start":{"line":57,"column":2},"end":{"line":59,"column":3}},"type":"if","locations":[{"start":{"line":57,"column":2},"end":{"line":59,"column":3}},{"start":{},"end":{}}],"line":57},"4":{"loc":{"start":{"line":62,"column":2},"end":{"line":64,"column":3}},"type":"if","locations":[{"start":{"line":62,"column":2},"end":{"line":64,"column":3}},{"start":{},"end":{}}],"line":62},"5":{"loc":{"start":{"line":67,"column":25},"end":{"line":67,"column":68}},"type":"cond-expr","locations":[{"start":{"line":67,"column":48},"end":{"line":67,"column":61}},{"start":{"line":67,"column":64},"end":{"line":67,"column":68}}],"line":67},"6":{"loc":{"start":{"line":68,"column":9},"end":{"line":68,"column":87}},"type":"binary-expr","locations":[{"start":{"line":68,"column":9},"end":{"line":68,"column":39}},{"start":{"line":68,"column":43},"end":{"line":68,"column":87}}],"line":68}},"s":{"0":72,"1":72,"2":67,"3":5,"4":5,"5":68,"6":68,"7":64,"8":4,"9":4,"10":60,"11":60,"12":60,"13":3,"14":57,"15":57,"16":57,"17":57,"18":57,"19":17,"20":40,"21":33,"22":7,"23":7},"f":{"0":72,"1":68,"2":60},"b":{"0":[3,57],"1":[60,58],"2":[57,20],"3":[17,40],"4":[33,7],"5":[7,0],"6":[7,6]},"inputSourceMap":null,"_coverageSchema":"1a1c01bbd47fc00a2c39e90264f33305004495a9","hash":"3b20a85cfc329c5326ef58f2788b429c4fcd890b"}
}
