TN:
SF:src/background/rule-engine.js
FN:15,getActiveRulesForSite
FN:20,(anonymous_1)
FN:28,(anonymous_2)
FN:39,shouldBlockAccess
FN:78,getMostRestrictiveCount
FN:110,calculateUnblockTime
FN:116,(anonymous_6)
FN:117,(anonymous_7)
FN:124,(anonymous_8)
FN:128,(anonymous_9)
FNF:10
FNH:10
FNDA:30,getActiveRulesForSite
FNDA:29,(anonymous_1)
FNDA:36,(anonymous_2)
FNDA:10,shouldBlockAccess
FNDA:8,getMostRestrictiveCount
FNDA:5,calculateUnblockTime
FNDA:3,(anonymous_6)
FNDA:6,(anonymous_7)
FNDA:6,(anonymous_8)
FNDA:4,(anonymous_9)
DA:16,30
DA:17,1
DA:20,29
DA:22,29
DA:23,2
DA:27,27
DA:28,36
DA:40,10
DA:42,10
DA:43,1
DA:47,9
DA:48,9
DA:57,9
DA:58,7
DA:68,2
DA:79,8
DA:81,8
DA:82,1
DA:85,7
DA:87,7
DA:88,8
DA:97,8
DA:100,7
DA:114,5
DA:116,1
DA:117,3
DA:118,6
DA:119,6
DA:124,6
DA:128,5
DA:130,5
DA:131,1
DA:135,4
DA:136,4
DA:138,4
LF:35
LH:35
BRDA:16,0,0,1
BRDA:16,0,1,29
BRDA:16,1,0,30
BRDA:16,1,1,29
BRDA:22,2,0,2
BRDA:22,2,1,27
BRDA:42,3,0,1
BRDA:42,3,1,9
BRDA:57,4,0,7
BRDA:57,4,1,2
BRDA:81,5,0,1
BRDA:81,5,1,7
BRDA:100,6,0,0
BRDA:100,6,1,7
BRDA:114,7,0,1
BRDA:114,7,1,4
BRDA:130,8,0,1
BRDA:130,8,1,4
BRF:18
BRH:17
end_of_record
TN:
SF:src/pages/settings/settings-data.js
FN:17,loadConfiguration
FN:33,saveConfiguration
FN:63,addRuleGroup
FN:107,updateRuleGroup
FN:149,deleteRuleGroup
FN:182,validateConfiguration
FN:195,(anonymous_6)
FN:213,detectOverlappingSites
FN:219,(anonymous_8)
FN:220,(anonymous_9)
FN:238,(anonymous_10)
FN:242,(anonymous_11)
FN:263,checkScheduleOverlap
FN:265,(anonymous_13)
FN:287,schedulesOverlap
FN:289,(anonymous_15)
FN:313,timeRangesOverlap
FN:314,(anonymous_17)
FN:315,(anonymous_18)
FN:325,exportConfiguration
FN:340,importConfiguration
FN:383,createDefaultRuleGroup
FN:402,formatDuration
FN:423,parseDuration
FN:459,getDayName
FN:469,formatTimeRange
FN:479,formatTime
FN:498,getConfigurationStats
FN:505,(anonymous_28)
FN:506,(anonymous_29)
FN:510,(anonymous_30)
FNF:31
FNH:6
FNDA:0,loadConfiguration
FNDA:0,saveConfiguration
FNDA:0,addRuleGroup
FNDA:0,updateRuleGroup
FNDA:0,deleteRuleGroup
FNDA:0,validateConfiguration
FNDA:0,(anonymous_6)
FNDA:0,detectOverlappingSites
FNDA:0,(anonymous_8)
FNDA:0,(anonymous_9)
FNDA:0,(anonymous_10)
FNDA:0,(anonymous_11)
FNDA:0,checkScheduleOverlap
FNDA:0,(anonymous_13)
FNDA:0,schedulesOverlap
FNDA:0,(anonymous_15)
FNDA:0,timeRangesOverlap
FNDA:0,(anonymous_17)
FNDA:0,(anonymous_18)
FNDA:0,exportConfiguration
FNDA:0,importConfiguration
FNDA:5,createDefaultRuleGroup
FNDA:23,formatDuration
FNDA:40,parseDuration
FNDA:10,getDayName
FNDA:13,formatTimeRange
FNDA:26,formatTime
FNDA:0,getConfigurationStats
FNDA:0,(anonymous_28)
FNDA:0,(anonymous_29)
FNDA:0,(anonymous_30)
DA:18,0
DA:19,0
DA:20,0
DA:21,0
DA:23,0
DA:24,0
DA:34,0
DA:36,0
DA:38,0
DA:39,0
DA:40,0
DA:46,0
DA:47,0
DA:48,0
DA:50,0
DA:51,0
DA:64,0
DA:66,0
DA:67,0
DA:68,0
DA:69,0
DA:76,0
DA:79,0
DA:82,0
DA:84,0
DA:85,0
DA:90,0
DA:93,0
DA:94,0
DA:108,0
DA:110,0
DA:111,0
DA:112,0
DA:113,0
DA:120,0
DA:123,0
DA:124,0
DA:131,0
DA:134,0
DA:136,0
DA:137,0
DA:150,0
DA:152,0
DA:155,0
DA:156,0
DA:163,0
DA:164,0
DA:167,0
DA:169,0
DA:170,0
DA:183,0
DA:185,0
DA:186,0
DA:187,0
DA:190,0
DA:191,0
DA:192,0
DA:195,0
DA:196,0
DA:197,0
DA:198,0
DA:202,0
DA:214,0
DA:215,0
DA:216,0
DA:219,0
DA:220,0
DA:221,0
DA:222,0
DA:224,0
DA:233,0
DA:235,0
DA:236,0
DA:238,0
DA:240,0
DA:242,0
DA:251,0
DA:253,0
DA:254,0
DA:265,0
DA:266,0
DA:270,0
DA:271,0
DA:272,0
DA:273,0
DA:278,0
DA:289,0
DA:291,0
DA:292,0
DA:296,0
DA:297,0
DA:298,0
DA:299,0
DA:304,0
DA:314,0
DA:315,0
DA:318,0
DA:326,0
DA:327,0
DA:328,0
DA:330,0
DA:331,0
DA:341,0
DA:344,0
DA:345,0
DA:347,0
DA:354,0
DA:355,0
DA:356,0
DA:363,0
DA:365,0
DA:366,0
DA:369,0
DA:371,0
DA:372,0
DA:384,5
DA:403,23
DA:404,8
DA:407,15
DA:408,15
DA:410,15
DA:411,9
DA:414,6
DA:424,40
DA:427,40
DA:428,40
DA:430,40
DA:432,40
DA:433,23
DA:436,40
DA:437,17
DA:441,40
DA:442,30
DA:446,10
DA:447,10
DA:448,3
DA:451,7
DA:460,10
DA:461,10
DA:470,13
DA:471,13
DA:480,26
DA:481,26
DA:483,26
DA:484,2
DA:485,24
DA:486,9
DA:487,15
DA:488,2
DA:490,13
DA:499,0
DA:500,0
DA:501,0
DA:504,0
DA:505,0
DA:506,0
DA:510,0
DA:512,0
DA:519,0
DA:520,0
LF:160
LH:35
BRDA:38,0,0,0
BRDA:38,0,1,0
BRDA:67,1,0,0
BRDA:67,1,1,0
BRDA:84,2,0,0
BRDA:84,2,1,0
BRDA:111,3,0,0
BRDA:111,3,1,0
BRDA:123,4,0,0
BRDA:123,4,1,0
BRDA:123,5,0,0
BRDA:123,5,1,0
BRDA:155,6,0,0
BRDA:155,6,1,0
BRDA:155,7,0,0
BRDA:155,7,1,0
BRDA:185,8,0,0
BRDA:185,8,1,0
BRDA:185,9,0,0
BRDA:185,9,1,0
BRDA:190,10,0,0
BRDA:190,10,1,0
BRDA:197,11,0,0
BRDA:197,11,1,0
BRDA:198,12,0,0
BRDA:198,12,1,0
BRDA:221,13,0,0
BRDA:221,13,1,0
BRDA:236,14,0,0
BRDA:236,14,1,0
BRDA:265,15,0,0
BRDA:265,15,1,0
BRDA:272,16,0,0
BRDA:272,16,1,0
BRDA:291,17,0,0
BRDA:291,17,1,0
BRDA:298,18,0,0
BRDA:298,18,1,0
BRDA:318,19,0,0
BRDA:318,19,1,0
BRDA:355,20,0,0
BRDA:355,20,1,0
BRDA:365,21,0,0
BRDA:365,21,1,0
BRDA:403,22,0,8
BRDA:403,22,1,15
BRDA:404,23,0,6
BRDA:404,23,1,2
BRDA:410,24,0,9
BRDA:410,24,1,6
BRDA:411,25,0,7
BRDA:411,25,1,2
BRDA:414,26,0,2
BRDA:414,26,1,4
BRDA:414,27,0,3
BRDA:414,27,1,3
BRDA:432,28,0,23
BRDA:432,28,1,17
BRDA:436,29,0,17
BRDA:436,29,1,23
BRDA:441,30,0,30
BRDA:441,30,1,10
BRDA:447,31,0,3
BRDA:447,31,1,7
BRDA:447,32,0,10
BRDA:447,32,1,6
BRDA:461,33,0,10
BRDA:461,33,1,3
BRDA:483,34,0,2
BRDA:483,34,1,24
BRDA:485,35,0,9
BRDA:485,35,1,15
BRDA:487,36,0,2
BRDA:487,36,1,13
BRF:74
BRH:30
end_of_record
TN:
SF:src/storage/schema.js
FN:73,validateRuleGroup
FN:100,(anonymous_1)
FN:110,(anonymous_2)
FN:117,(anonymous_3)
FN:136,validateConfiguration
FN:149,(anonymous_5)
FN:167,validateAccessLog
FNF:7
FNH:7
FNDA:43,validateRuleGroup
FNDA:39,(anonymous_1)
FNDA:42,(anonymous_2)
FNDA:13,(anonymous_3)
FNDA:13,validateConfiguration
FNDA:8,(anonymous_5)
FNDA:16,validateAccessLog
DA:37,2
DA:46,2
DA:52,2
DA:74,43
DA:76,43
DA:77,5
DA:78,5
DA:81,38
DA:82,6
DA:85,38
DA:86,8
DA:89,38
DA:90,7
DA:93,38
DA:94,3
DA:97,38
DA:98,6
DA:100,32
DA:101,39
DA:102,4
DA:107,38
DA:108,13
DA:109,1
DA:110,42
DA:111,3
DA:114,13
DA:115,1
DA:117,12
DA:118,13
DA:119,6
DA:125,38
DA:137,13
DA:139,13
DA:140,3
DA:141,3
DA:144,10
DA:145,3
DA:146,3
DA:149,7
DA:150,8
DA:151,8
DA:152,3
DA:156,7
DA:168,16
DA:170,16
DA:171,4
DA:172,4
DA:175,12
DA:176,5
DA:179,12
DA:180,6
DA:183,12
DA:184,3
DA:187,12
LF:54
LH:54
BRDA:76,0,0,5
BRDA:76,0,1,38
BRDA:76,1,0,43
BRDA:76,1,1,40
BRDA:81,2,0,6
BRDA:81,2,1,32
BRDA:81,3,0,38
BRDA:81,3,1,36
BRDA:85,4,0,8
BRDA:85,4,1,30
BRDA:85,5,0,38
BRDA:85,5,1,35
BRDA:89,6,0,7
BRDA:89,6,1,31
BRDA:89,7,0,38
BRDA:89,7,1,35
BRDA:93,8,0,3
BRDA:93,8,1,35
BRDA:97,9,0,6
BRDA:97,9,1,32
BRDA:97,10,0,38
BRDA:97,10,1,35
BRDA:101,11,0,4
BRDA:101,11,1,35
BRDA:101,12,0,39
BRDA:101,12,1,37
BRDA:107,13,0,13
BRDA:107,13,1,25
BRDA:108,14,0,1
BRDA:108,14,1,12
BRDA:108,15,0,13
BRDA:108,15,1,13
BRDA:110,16,0,3
BRDA:110,16,1,9
BRDA:110,17,0,42
BRDA:110,17,1,41
BRDA:114,18,0,1
BRDA:114,18,1,12
BRDA:114,19,0,13
BRDA:114,19,1,13
BRDA:118,20,0,6
BRDA:118,20,1,7
BRDA:139,21,0,3
BRDA:139,21,1,10
BRDA:139,22,0,13
BRDA:139,22,1,11
BRDA:144,23,0,3
BRDA:144,23,1,7
BRDA:151,24,0,3
BRDA:151,24,1,5
BRDA:152,25,0,3
BRDA:152,25,1,2
BRDA:170,26,0,4
BRDA:170,26,1,12
BRDA:170,27,0,16
BRDA:170,27,1,14
BRDA:175,28,0,5
BRDA:175,28,1,7
BRDA:175,29,0,12
BRDA:175,29,1,10
BRDA:179,30,0,6
BRDA:179,30,1,6
BRDA:179,31,0,12
BRDA:179,31,1,9
BRDA:183,32,0,3
BRDA:183,32,1,9
BRF:66
BRH:66
end_of_record
TN:
SF:src/utils/access-calculator.js
FN:11,filterAccessesInWindow
FN:15,(anonymous_1)
FN:28,calculateRemainingAccesses
FN:43,(anonymous_3)
FN:44,(anonymous_4)
FN:65,(anonymous_5)
FNF:6
FNH:6
FNDA:30,filterAccessesInWindow
FNDA:83,(anonymous_1)
FNDA:25,calculateRemainingAccesses
FNDA:29,(anonymous_3)
FNDA:52,(anonymous_4)
FNDA:43,(anonymous_5)
DA:12,30
DA:13,30
DA:15,83
DA:37,25
DA:41,25
DA:43,8
DA:44,29
DA:47,52
DA:48,52
DA:49,52
DA:50,52
DA:52,52
DA:55,52
DA:56,29
DA:60,0
DA:65,43
DA:68,25
DA:69,25
DA:71,25
LF:19
LH:18
BRDA:41,0,0,8
BRDA:41,0,1,17
BRDA:52,1,0,52
BRDA:52,1,1,23
BRDA:55,2,0,23
BRDA:55,2,1,29
BRDA:56,3,0,29
BRDA:56,3,1,0
BRF:8
BRH:7
end_of_record
TN:
SF:src/utils/time-utils.js
FN:10,parseTimeRange
FN:32,isTimeInRange
FN:47,isRuleActiveNow
FNF:3
FNH:3
FNDA:14,parseTimeRange
FNDA:15,isTimeInRange
FNDA:38,isRuleActiveNow
DA:11,14
DA:13,14
DA:33,15
DA:34,15
DA:35,15
DA:37,15
DA:49,38
DA:50,29
DA:53,9
DA:54,9
DA:57,9
DA:58,2
DA:62,7
DA:63,9
DA:64,9
DA:65,4
DA:69,3
LF:17
LH:17
BRDA:37,0,0,15
BRDA:37,0,1,11
BRDA:49,1,0,29
BRDA:49,1,1,9
BRDA:49,2,0,38
BRDA:49,2,1,10
BRDA:49,2,2,9
BRDA:57,3,0,2
BRDA:57,3,1,7
BRDA:64,4,0,4
BRDA:64,4,1,5
BRF:11
BRH:11
end_of_record
TN:
SF:src/utils/url-matcher.js
FN:10,extractDomain
FN:25,extractPath
FN:41,matchesSitePattern
FNF:3
FNH:3
FNDA:72,extractDomain
FNDA:68,extractPath
FNDA:60,matchesSitePattern
DA:11,72
DA:12,72
DA:13,67
DA:15,5
DA:16,5
DA:26,68
DA:27,68
DA:28,64
DA:30,4
DA:31,4
DA:42,60
DA:43,60
DA:45,60
DA:46,3
DA:50,57
DA:51,57
DA:52,57
DA:55,57
DA:57,57
DA:58,17
DA:62,40
DA:63,33
DA:67,7
DA:68,7
LF:24
LH:24
BRDA:45,0,0,3
BRDA:45,0,1,57
BRDA:45,1,0,60
BRDA:45,1,1,58
BRDA:55,2,0,57
BRDA:55,2,1,20
BRDA:57,3,0,17
BRDA:57,3,1,40
BRDA:62,4,0,33
BRDA:62,4,1,7
BRDA:67,5,0,7
BRDA:67,5,1,0
BRDA:68,6,0,7
BRDA:68,6,1,6
BRF:14
BRH:13
end_of_record
